2021-04-08 14:38:03,915 INFO     test_ai_mod.carbon_controllers.crawls -- Logging crawl output to /Users/bot/test_ai/apps/5de8e4f0-bf1c-4291-9546-ec76f2e07854/builds/4da41add-a1aa-4210-bd3e-914d995c2c1f/logs/crawl-20210408203803.log
2021-04-08 14:38:03,920 INFO     test_ai_mod.carbon_tasks.crawl_build_task -- crawling build, app_id: 5de8e4f0-bf1c-4291-9546-ec76f2e07854, build_id: 4da41add-a1aa-4210-bd3e-914d995c2c1f
2021-04-08 14:38:03,921 INFO     test_ai_mod.carbon_tasks.crawl_build_task -- num_steps (when no test): 25
2021-04-08 14:38:03,921 INFO     test_ai_mod.carbon_tasks.crawl_build_task -- max_steps: 150
2021-04-08 14:38:03,921 INFO     test_ai_mod.carbon_tasks.crawl_build_task -- max_iterations: 1
2021-04-08 14:38:03,921 INFO     test_ai_mod.carbon_tasks.crawl_build_task -- rand_seed: 1617913172
2021-04-08 14:38:03,921 INFO     test_ai_mod.carbon_tasks.crawl_build_task -- test_wildcard: *
2021-04-08 14:38:03,921 INFO     test_ai_mod.carbon_tasks.crawl_build_task -- package: None
2021-04-08 14:38:03,921 INFO     test_ai_mod.carbon_tasks.crawl_build_task -- eyes_api_key: None
2021-04-08 14:38:03,922 INFO     test_ai_mod.carbon_tasks.crawl_build_task -- is_noop: False
2021-04-08 14:38:03,924 INFO     test_ai_mod.carbon_tasks.crawl_build_task -- created crawl, id: 20210408143803
2021-04-08 14:38:03,924 INFO     test_ai_mod.carbon_dao.local_carbon_dao -- Getting build info: APP_ID: 5de8e4f0-bf1c-4291-9546-ec76f2e07854, BUILD_ID: 4da41add-a1aa-4210-bd3e-914d995c2c1f
2021-04-08 14:38:03,925 INFO     test_ai_mod.carbon_dao.local_carbon_dao -- Getting build info: APP_ID: 5de8e4f0-bf1c-4291-9546-ec76f2e07854, BUILD_ID: 4da41add-a1aa-4210-bd3e-914d995c2c1f
2021-04-08 14:38:03,926 INFO     test_ai_mod.carbon_explore.explore -- using default extra walk count: 0
2021-04-08 14:38:03,945 INFO     test_ai_mod.carbon_tasks.crawl_build_task -- initiating walk [1/1]
2021-04-08 14:38:03,945 INFO     test_ai_mod.carbon_test_case.carbon_tests -- initial number of steps for walk: 25
2021-04-08 14:38:03,946 INFO     test_ai_mod.carbon_tasks.crawl_build_task -- effective_max_steps this walk: 26
2021-04-08 14:38:03,948 INFO     test_ai_mod.carbon_explore.explore -- **************************************************
2021-04-08 14:38:03,949 INFO     test_ai_mod.carbon_explore.explore -- **************************************************
2021-04-08 14:38:03,949 INFO     test_ai_mod.carbon_explore.explore -- *                                                *
2021-04-08 14:38:03,949 INFO     test_ai_mod.carbon_explore.explore -- *                   BRAIN                    *
2021-04-08 14:38:03,950 INFO     test_ai_mod.carbon_explore.explore -- *                                                *
2021-04-08 14:38:03,950 INFO     test_ai_mod.carbon_explore.explore -- **************************************************
2021-04-08 14:38:03,953 INFO     test_ai_mod.carbon_explore.explore -- **************************************************
2021-04-08 14:38:03,953 INFO     test_ai_mod.carbon_initialization.initialization -- Random seed: 1617913172
2021-04-08 14:38:03,956 INFO     test_ai_mod.carbon_initialization.initialization -- ````````````````````````````````````````````````````````````````````````````````
2021-04-08 14:38:03,957 INFO     test_ai_mod.carbon_initialization.initialization --                   PACKAGE: 5de8e4f0-bf1c-4291-9546-ec76f2e07854
2021-04-08 14:38:03,957 INFO     test_ai_mod.carbon_initialization.initialization -- ````````````````````````````````````````````````````````````````````````````````
2021-04-08 14:38:03,958 INFO     test_ai_mod.carbon_initialization.initialization -- platform: DESKTOP_CHROME
2021-04-08 14:38:03,959 INFO     test_ai_mod.carbon_initialization.initialization -- using crawl_directory: /Users/bot/test_ai/apps/5de8e4f0-bf1c-4291-9546-ec76f2e07854/builds/4da41add-a1aa-4210-bd3e-914d995c2c1f/crawls/20210408143803
2021-04-08 14:38:03,959 INFO     test_ai_mod.carbon_botio.bot_io -- retrieving bot IO for app: 5de8e4f0-bf1c-4291-9546-ec76f2e07854
2021-04-08 14:38:03,959 INFO     test_ai_mod.carbon_botio.bot_io -- ^^^^^^^^^^^^^^^^^^^^^^^^^^^^^^^^^^^^^^^^^^^^^^^^^^^^^^^^^^^^^^^^^^^^^^^^^^^^^^^^
2021-04-08 14:38:03,962 INFO     test_ai_mod.carbon_botio.bot_io -- botio_filepath: /Users/bot/test_ai/apps/5de8e4f0-bf1c-4291-9546-ec76f2e07854/lkg/botio.json
2021-04-08 14:38:03,962 INFO     test_ai_mod.carbon_botio.bot_io -- use_snapshot: False
2021-04-08 14:38:03,963 INFO     test_ai_mod.carbon_botio.bot_io -- no botIO found for app: 5de8e4f0-bf1c-4291-9546-ec76f2e07854
2021-04-08 14:38:03,964 INFO     test_ai_mod.carbon_utils.carbon_data -- loading models from LKG dir
2021-04-08 14:38:03,965 INFO     test_ai_mod.carbon_utils.carbon_data -- loading models from LKG dir
2021-04-08 14:38:03,966 INFO     test_ai_mod.carbon_explore.test_hooks -- Test case is None, no need for on_setup.
2021-04-08 14:38:03,966 INFO     test_ai_mod.carbon_utils.simulator_tools -- preparing clean iteration state...
2021-04-08 14:38:03,967 INFO     test_ai_mod.carbon_utils.simulator_tools -- starting appium
2021-04-08 14:38:03,967 INFO     test_ai_mod.carbon_utils.simulator_tools -- starting appium, platform: DESKTOP_CHROME
2021-04-08 14:38:03,967 INFO     test_ai_mod.carbon_utils.simulator_tools -- starting appium/webdriver for desktop chrome
2021-04-08 14:38:04,207 INFO     test_ai_mod.carbon_dao.local_carbon_dao -- Getting build info: APP_ID: 5de8e4f0-bf1c-4291-9546-ec76f2e07854, BUILD_ID: 4da41add-a1aa-4210-bd3e-914d995c2c1f
2021-04-08 14:38:04,211 INFO     werkzeug -- 127.0.0.1 - - [08/Apr/2021 14:38:04] "[37mGET /api/v1/c/testai/apps/web/5de8e4f0-bf1c-4291-9546-ec76f2e07854/tests HTTP/1.1[0m" 200 -
2021-04-08 14:38:04,218 INFO     werkzeug -- 127.0.0.1 - - [08/Apr/2021 14:38:04] "[37mGET /api/v1/config/widgets HTTP/1.1[0m" 200 -
2021-04-08 14:38:04,314 INFO     werkzeug -- 127.0.0.1 - - [08/Apr/2021 14:38:04] "[37mGET /api/v2/status HTTP/1.1[0m" 200 -
2021-04-08 14:38:04,330 INFO     werkzeug -- 127.0.0.1 - - [08/Apr/2021 14:38:04] "[37mGET /favicon.ico HTTP/1.1[0m" 200 -
2021-04-08 14:38:06,234 INFO     test_ai_mod.carbon_utils.simulator_tools -- going to http://www.blogen-inc.surge.sh/
2021-04-08 14:38:07,152 INFO     test_ai_mod.carbon_utils.simulator_tools -- completed setting url, additional time: 0.917631
2021-04-08 14:38:10,053 INFO     test_ai_mod.carbon_initialization.initialization -- starting dom stability
2021-04-08 14:38:10,053 INFO     test_ai_mod.carbon_explore.explore_utils -- saving screenshot
2021-04-08 14:38:11,491 INFO     test_ai_mod.carbon_explore.explore_utils -- scn_shot_file_path: /Users/bot/test_ai/apps/5de8e4f0-bf1c-4291-9546-ec76f2e07854/builds/4da41add-a1aa-4210-bd3e-914d995c2c1f/crawls/20210408143803/tmp/runtime_labeling_screen.png
2021-04-08 14:38:11,808 INFO     test_ai_mod.carbon_explore.explore_utils -- saving screenshot
2021-04-08 14:38:13,365 INFO     test_ai_mod.carbon_explore.explore_utils -- scn_shot_file_path: /Users/bot/test_ai/apps/5de8e4f0-bf1c-4291-9546-ec76f2e07854/builds/4da41add-a1aa-4210-bd3e-914d995c2c1f/crawls/20210408143803/tmp/runtime_labeling_screen.png
2021-04-08 14:38:13,770 INFO     test_ai_mod.carbon_explore.explore_utils -- saving screenshot
2021-04-08 14:38:15,124 INFO     test_ai_mod.carbon_explore.explore_utils -- scn_shot_file_path: /Users/bot/test_ai/apps/5de8e4f0-bf1c-4291-9546-ec76f2e07854/builds/4da41add-a1aa-4210-bd3e-914d995c2c1f/crawls/20210408143803/tmp/runtime_labeling_screen.png
2021-04-08 14:38:15,429 INFO     test_ai_mod.carbon_explore.explore_utils -- saving screenshot
2021-04-08 14:38:16,111 INFO     werkzeug -- 127.0.0.1 - - [08/Apr/2021 14:38:16] "[37mGET /api/v2/status HTTP/1.1[0m" 200 -
2021-04-08 14:38:16,923 INFO     test_ai_mod.carbon_explore.explore_utils -- scn_shot_file_path: /Users/bot/test_ai/apps/5de8e4f0-bf1c-4291-9546-ec76f2e07854/builds/4da41add-a1aa-4210-bd3e-914d995c2c1f/crawls/20210408143803/tmp/runtime_labeling_screen.png
2021-04-08 14:38:17,218 INFO     test_ai_mod.carbon_explore.explore_utils -- saving screenshot
2021-04-08 14:38:18,491 INFO     test_ai_mod.carbon_explore.explore_utils -- scn_shot_file_path: /Users/bot/test_ai/apps/5de8e4f0-bf1c-4291-9546-ec76f2e07854/builds/4da41add-a1aa-4210-bd3e-914d995c2c1f/crawls/20210408143803/tmp/runtime_labeling_screen.png
2021-04-08 14:38:18,795 INFO     test_ai_mod.carbon_explore.explore_utils -- saving screenshot
2021-04-08 14:38:19,986 INFO     test_ai_mod.carbon_explore.explore_utils -- scn_shot_file_path: /Users/bot/test_ai/apps/5de8e4f0-bf1c-4291-9546-ec76f2e07854/builds/4da41add-a1aa-4210-bd3e-914d995c2c1f/crawls/20210408143803/tmp/runtime_labeling_screen.png
2021-04-08 14:38:20,277 INFO     test_ai_mod.carbon_explore.explore_utils -- saving screenshot
2021-04-08 14:38:21,501 INFO     test_ai_mod.carbon_explore.explore_utils -- scn_shot_file_path: /Users/bot/test_ai/apps/5de8e4f0-bf1c-4291-9546-ec76f2e07854/builds/4da41add-a1aa-4210-bd3e-914d995c2c1f/crawls/20210408143803/tmp/runtime_labeling_screen.png
2021-04-08 14:38:21,802 INFO     test_ai_mod.carbon_explore.explore_utils -- saving screenshot
2021-04-08 14:38:23,030 INFO     test_ai_mod.carbon_explore.explore_utils -- scn_shot_file_path: /Users/bot/test_ai/apps/5de8e4f0-bf1c-4291-9546-ec76f2e07854/builds/4da41add-a1aa-4210-bd3e-914d995c2c1f/crawls/20210408143803/tmp/runtime_labeling_screen.png
2021-04-08 14:38:23,220 INFO     test_ai_mod.carbon_actions.carbon_actions -- Seen the same screen the max amount (5)
2021-04-08 14:38:23,220 INFO     test_ai_mod.carbon_actions.carbon_actions -- sources aren't equal, clearing
2021-04-08 14:38:23,220 INFO     test_ai_mod.carbon_initialization.initialization -- current package sent in as: 5de8e4f0-bf1c-4291-9546-ec76f2e07854
2021-04-08 14:38:23,221 INFO     test_ai_mod.carbon_initialization.initialization -- ended dom stability
2021-04-08 14:38:23,225 INFO     test_ai_mod.carbon_explore.explore -- package is set to: 5de8e4f0-bf1c-4291-9546-ec76f2e07854
2021-04-08 14:38:23,225 INFO     test_ai_mod.carbon_explore.explore -- ********************************************************************************
2021-04-08 14:38:23,225 INFO     test_ai_mod.carbon_explore.explore -- * TIMEOUT: None
2021-04-08 14:38:23,225 INFO     test_ai_mod.carbon_explore.explore -- * disable_bounceback: False
2021-04-08 14:38:23,225 INFO     test_ai_mod.carbon_explore.explore -- ********************************************************************************
2021-04-08 14:38:23,226 INFO     test_ai_mod.carbon_explore.explore -- getting walk queue
2021-04-08 14:38:23,226 INFO     test_ai_mod.carbon_explore.explore_utils -- getting screen_elems
2021-04-08 14:38:23,376 INFO     test_ai_mod.carbon_utils.scrape_utils -- Successfully collected web scrape.
2021-04-08 14:38:23,380 INFO     test_ai_mod.carbon_explore.explore_utils -- filtering elems - 51
2021-04-08 14:38:23,465 INFO     test_ai_mod.carbon_explore.explore_utils -- saving info - 47
2021-04-08 14:38:23,466 INFO     test_ai_mod.carbon_explore.explore_utils -- saving core elems iter: 0, step 0, save_dir: /Users/bot/test_ai/apps/5de8e4f0-bf1c-4291-9546-ec76f2e07854/builds/4da41add-a1aa-4210-bd3e-914d995c2c1f/crawls/20210408143803
2021-04-08 14:38:23,484 INFO     test_ai_mod.carbon_explore.explore -- got all screen info saved
2021-04-08 14:38:23,485 INFO     test_ai_mod.carbon_explore.explore_utils -- saving core elems iter: 0, step 0, save_dir: /Users/bot/test_ai/apps/5de8e4f0-bf1c-4291-9546-ec76f2e07854/builds/4da41add-a1aa-4210-bd3e-914d995c2c1f/crawls/20210408143803
2021-04-08 14:38:23,526 INFO     test_ai_mod.carbon_explore.result_storage -- LOG FILE PATH: /Users/bot/test_ai/apps/5de8e4f0-bf1c-4291-9546-ec76f2e07854/builds/4da41add-a1aa-4210-bd3e-914d995c2c1f/crawls/20210408143803/iter_00000_step_00000_logs.txt
2021-04-08 14:38:23,526 INFO     test_ai_mod.carbon_explore.result_storage -- ALL LOGS FILE PATH: /Users/bot/test_ai/apps/5de8e4f0-bf1c-4291-9546-ec76f2e07854/builds/4da41add-a1aa-4210-bd3e-914d995c2c1f/crawls/20210408143803/iter_00000_step_-0001_logs.txt
2021-04-08 14:38:23,545 INFO     test_ai_mod.carbon_explore.interactive -- Interactive explore -- start_interactive_loop starting.
2021-04-08 14:38:23,563 INFO     test_ai_mod.carbon_explore.interactive -- Interactive explore -- running initial auto label
2021-04-08 14:38:23,564 INFO     test_ai_mod.carbon_tasks.process_crawl_task -- processing crawl: 20210408143803 (app: 5de8e4f0-bf1c-4291-9546-ec76f2e07854, build: 4da41add-a1aa-4210-bd3e-914d995c2c1f)
2021-04-08 14:38:23,564 INFO     test_ai_mod.carbon_tasks.process_crawl_task -- processing screens for crawl
2021-04-08 14:38:23,706 INFO     test_ai_mod.carbon_tasks.process_crawl_task -- writing unique screens file
2021-04-08 14:38:23,706 INFO     test_ai_mod.carbon_tasks.process_crawl_task -- writing screen hash map
2021-04-08 14:38:23,710 INFO     test_ai_mod.carbon_tasks.process_crawl_task -- writing screen similarity file
2021-04-08 14:38:23,710 INFO     test_ai_mod.carbon_tasks.process_crawl_task -- processing elements for crawl
2021-04-08 14:38:23,714 INFO     test_ai_mod.carbon_tasks.process_crawl_task -- processing: iter_00000_step_00000_info.json
2021-04-08 14:38:24,448 INFO     test_ai_mod.carbon_tasks.process_crawl_task -- Writing unique tags file.
2021-04-08 14:38:24,449 INFO     test_ai_mod.carbon_tasks.process_crawl_task -- writing unique elems file
2021-04-08 14:38:24,450 INFO     test_ai_mod.carbon_tasks.process_crawl_task -- writing elem hash map
2021-04-08 14:38:24,467 INFO     test_ai_mod.carbon_tasks.process_crawl_task -- writing elem similarity file
2021-04-08 14:38:24,469 INFO     test_ai_mod.carbon_tasks.process_crawl_task -- generating labeler objects file for crawl (v0)
2021-04-08 14:38:24,493 INFO     test_ai_mod.carbon_tasks.process_crawl_task -- reconciling screens labeled at runtime
2021-04-08 14:38:24,495 INFO     test_ai_mod.carbon_tasks.process_crawl_task -- reconciling elements labeled at runtime
2021-04-08 14:38:24,506 INFO     test_ai_mod.carbon_tasks.generate_auto_labels_task -- generating auto labels for crawl: 20210408143803, app_id: 5de8e4f0-bf1c-4291-9546-ec76f2e07854, build_id: 4da41add-a1aa-4210-bd3e-914d995c2c1f
2021-04-08 14:38:24,507 INFO     test_ai_mod.carbon_dao.local_carbon_dao -- Getting build info: APP_ID: 5de8e4f0-bf1c-4291-9546-ec76f2e07854, BUILD_ID: 4da41add-a1aa-4210-bd3e-914d995c2c1f
2021-04-08 14:38:24,512 INFO     test_ai_mod.carbon_dao.local_carbon_dao -- Getting build info: APP_ID: 5de8e4f0-bf1c-4291-9546-ec76f2e07854, BUILD_ID: 4da41add-a1aa-4210-bd3e-914d995c2c1f
2021-04-08 14:38:24,516 INFO     test_ai_mod.carbon_dao.local_carbon_dao -- Getting build info: APP_ID: 5de8e4f0-bf1c-4291-9546-ec76f2e07854, BUILD_ID: 4da41add-a1aa-4210-bd3e-914d995c2c1f
2021-04-08 14:38:24,518 INFO     test_ai_mod.carbon_dao.local_carbon_dao -- Getting build info: APP_ID: 5de8e4f0-bf1c-4291-9546-ec76f2e07854, BUILD_ID: 4da41add-a1aa-4210-bd3e-914d995c2c1f
2021-04-08 14:38:24,525 INFO     test_ai_mod.carbon_dao.local_carbon_dao -- Getting build info: APP_ID: 5de8e4f0-bf1c-4291-9546-ec76f2e07854, BUILD_ID: 4da41add-a1aa-4210-bd3e-914d995c2c1f
2021-04-08 14:38:24,533 INFO     test_ai_mod.carbon_dao.local_carbon_dao -- Getting build info: APP_ID: 5de8e4f0-bf1c-4291-9546-ec76f2e07854, BUILD_ID: 4da41add-a1aa-4210-bd3e-914d995c2c1f
2021-04-08 14:38:24,534 INFO     test_ai_mod.carbon_dao.local_carbon_dao -- Getting build info: APP_ID: 5de8e4f0-bf1c-4291-9546-ec76f2e07854, BUILD_ID: 4da41add-a1aa-4210-bd3e-914d995c2c1f
2021-04-08 14:38:24,617 INFO     test_ai_mod.carbon_tasks.generate_auto_labels_task -- writing merged, suggested labels to file: /Users/bot/test_ai/apps/5de8e4f0-bf1c-4291-9546-ec76f2e07854/builds/4da41add-a1aa-4210-bd3e-914d995c2c1f/crawls/20210407194432/labels/suggested_labels.json
2021-04-08 14:38:24,644 INFO     test_ai_mod.carbon_tasks.generate_auto_labels_task -- writing merged, suggested labels to file: /Users/bot/test_ai/apps/5de8e4f0-bf1c-4291-9546-ec76f2e07854/builds/4da41add-a1aa-4210-bd3e-914d995c2c1f/crawls/20210407191653/labels/suggested_labels.json
2021-04-08 14:38:24,651 INFO     test_ai_mod.carbon_tasks.generate_auto_labels_task -- writing merged, suggested labels to file: /Users/bot/test_ai/apps/5de8e4f0-bf1c-4291-9546-ec76f2e07854/builds/4da41add-a1aa-4210-bd3e-914d995c2c1f/crawls/20210408132838/labels/suggested_labels.json
2021-04-08 14:38:24,659 INFO     test_ai_mod.carbon_tasks.generate_auto_labels_task -- writing merged, suggested labels to file: /Users/bot/test_ai/apps/5de8e4f0-bf1c-4291-9546-ec76f2e07854/builds/4da41add-a1aa-4210-bd3e-914d995c2c1f/crawls/20210407200152/labels/suggested_labels.json
2021-04-08 14:38:24,673 INFO     test_ai_mod.carbon_tasks.generate_auto_labels_task -- writing merged, suggested labels to file: /Users/bot/test_ai/apps/5de8e4f0-bf1c-4291-9546-ec76f2e07854/builds/4da41add-a1aa-4210-bd3e-914d995c2c1f/crawls/20210408134251/labels/suggested_labels.json
2021-04-08 14:38:24,680 INFO     test_ai_mod.carbon_tasks.generate_auto_labels_task -- writing merged, suggested labels to file: /Users/bot/test_ai/apps/5de8e4f0-bf1c-4291-9546-ec76f2e07854/builds/4da41add-a1aa-4210-bd3e-914d995c2c1f/crawls/20210408143803/labels/suggested_labels.json
2021-04-08 14:38:24,684 INFO     test_ai_mod.carbon_tasks.generate_auto_labels_task -- writing applied hashes to labels to file: /Users/bot/test_ai/apps/5de8e4f0-bf1c-4291-9546-ec76f2e07854/lkg/hashes_to_labels.json
2021-04-08 14:38:24,685 INFO     test_ai_mod.carbon_tasks.generate_auto_labels_task -- writing applied human readable to labels to file: /Users/bot/test_ai/apps/5de8e4f0-bf1c-4291-9546-ec76f2e07854/lkg/human_readable_to_labels.json
2021-04-08 14:38:24,687 INFO     test_ai_mod.carbon_tasks.generate_auto_labels_task -- writing label to hash dicts to file: /Users/bot/test_ai/apps/5de8e4f0-bf1c-4291-9546-ec76f2e07854/lkg/label_to_hash_dicts.json
2021-04-08 14:38:24,688 INFO     test_ai_mod.carbon_tasks.generate_auto_labels_task -- writing human readable to paths to file: /Users/bot/test_ai/apps/5de8e4f0-bf1c-4291-9546-ec76f2e07854/lkg/human_readable_to_paths.json
2021-04-08 14:38:24,691 INFO     test_ai_mod.carbon_classifiers.label_classifier_pipe -- Begin loading configured modules
2021-04-08 14:38:24,691 INFO     test_ai_mod.carbon_classifiers.carbon_classifier_v1.screen_classifier -- Loading ScreenClassifier
2021-04-08 14:38:24,692 INFO     test_ai_mod.carbon_classifiers.template_matching.app_specific_template_matcher -- Loading AppSpecificTemplateMatcher
2021-04-08 14:38:24,692 INFO     test_ai_mod.carbon_classifiers.perceptual.nn_classifier -- Loading NNClassifier
2021-04-08 14:38:24,692 INFO     test_ai_mod.carbon_classifiers.template_matching.template_matching_classifier -- Loading TemplateMatchingClassifier
2021-04-08 14:38:24,692 WARNING  test_ai_mod.carbon_classifiers.template_matching.template_matching_classifier -- No template director exists at /Users/bot/test_ai/templates
2021-04-08 14:38:24,692 INFO     test_ai_mod.carbon_classifiers.http_classifier.http_classifier -- Loaded Http Classifier for ""
2021-04-08 14:38:24,693 INFO     test_ai_mod.carbon_tasks.generate_auto_labels_task -- classifying 1 unique screens
2021-04-08 14:38:24,693 INFO     test_ai_mod.carbon_utils.carbon_data -- loading models from LKG dir
2021-04-08 14:38:24,693 INFO     test_ai_mod.carbon_utils.carbon_data -- loading models from LKG dir
2021-04-08 14:38:24,701 INFO     test_ai_mod.carbon_classifiers.label_classifier_pipe -- Begin labeling elements
2021-04-08 14:38:24,726 INFO     test_ai_mod.carbon_classifiers.template_matching.app_specific_template_matcher -- Classifying screen with AppSpecificTemplateMatcher
2021-04-08 14:38:24,726 INFO     test_ai_mod.carbon_classifiers.perceptual.nn_classifier -- Classifying screen with NNClassifier
2021-04-08 14:38:24,873 INFO     test_ai_mod.carbon_classifiers.label_classifier_pipe -- End labeling elements: Time taken 0.171962022781 seconds
2021-04-08 14:38:24,874 INFO     test_ai_mod.carbon_tasks.generate_auto_labels_task -- classifying 47 unique elems
2021-04-08 14:38:24,885 INFO     test_ai_mod.carbon_utils.carbon_data -- loading models from LKG dir
2021-04-08 14:38:24,885 INFO     test_ai_mod.carbon_utils.carbon_data -- loading models from LKG dir
2021-04-08 14:38:24,886 INFO     test_ai_mod.carbon_classifiers.label_classifier_pipe -- Begin labeling elements
2021-04-08 14:38:24,913 INFO     test_ai_mod.carbon_classifiers.template_matching.app_specific_template_matcher -- Classifying screen with AppSpecificTemplateMatcher
2021-04-08 14:38:24,913 INFO     test_ai_mod.carbon_classifiers.perceptual.nn_classifier -- Classifying screen with NNClassifier
2021-04-08 14:38:25,179 INFO     test_ai_mod.carbon_classifiers.perceptual.nn_classifier -- elem classified: mnu_logout, score: 0.99
2021-04-08 14:38:25,183 INFO     test_ai_mod.carbon_classifiers.perceptual.nn_classifier -- elem classified: mnu_input_param, score: 0.97
2021-04-08 14:38:25,185 INFO     test_ai_mod.carbon_classifiers.perceptual.nn_classifier -- elem classified: inp_slider, score: 1.0
2021-04-08 14:38:25,192 INFO     test_ai_mod.carbon_classifiers.perceptual.nn_classifier -- elem classified: mnu_verify, score: 0.99
2021-04-08 14:38:25,197 INFO     test_ai_mod.carbon_classifiers.perceptual.nn_classifier -- elem classified: mnu_find_element, score: 1.0
2021-04-08 14:38:25,198 INFO     test_ai_mod.carbon_classifiers.perceptual.nn_classifier -- elem classified: btn_radio, score: 0.92
2021-04-08 14:38:25,206 INFO     test_ai_mod.carbon_classifiers.perceptual.nn_classifier -- elem classified: mnu_wait, score: 1.0
2021-04-08 14:38:25,208 INFO     test_ai_mod.carbon_classifiers.perceptual.nn_classifier -- elem classified: btn_button_find_element, score: 0.99
2021-04-08 14:38:25,209 INFO     test_ai_mod.carbon_classifiers.perceptual.nn_classifier -- elem classified: txt_input, score: 1.0
2021-04-08 14:38:25,224 INFO     test_ai_mod.carbon_classifiers.perceptual.nn_classifier -- elem classified: mnu_home, score: 0.98
2021-04-08 14:38:25,225 INFO     test_ai_mod.carbon_classifiers.perceptual.nn_classifier -- elem classified: inp_checkbox, score: 0.94
2021-04-08 14:38:25,228 INFO     test_ai_mod.carbon_classifiers.perceptual.nn_classifier -- elem classified: mnu_profile, score: 0.99
2021-04-08 14:38:25,232 INFO     test_ai_mod.carbon_classifiers.perceptual.nn_classifier -- elem classified: mnu_basic_gestures, score: 0.99
2021-04-08 14:38:25,240 INFO     test_ai_mod.carbon_classifiers.perceptual.nn_classifier -- elem classified: mnu_tap_param, score: 0.98
2021-04-08 14:38:25,243 INFO     test_ai_mod.carbon_classifiers.perceptual.nn_classifier -- elem classified: btn_link_find_element, score: 0.98
2021-04-08 14:38:25,268 INFO     test_ai_mod.carbon_classifiers.label_classifier_pipe -- End labeling elements: Time taken 0.381493091583 seconds
2021-04-08 14:38:25,270 INFO     test_ai_mod.carbon_tasks.generate_auto_labels_task -- writing merged, suggested labels to file: /Users/bot/test_ai/apps/5de8e4f0-bf1c-4291-9546-ec76f2e07854/builds/4da41add-a1aa-4210-bd3e-914d995c2c1f/crawls/20210408143803/labels/suggested_labels.json
2021-04-08 14:38:25,276 INFO     test_ai_mod.carbon_explore.interactive -- 


[32;1mCarbon Interactive Crawling Session Starting...
Please make sure you are running the test.ai GUI (./test.ai -d).
Once the GUI is running, please visit [34mhttp://localhost:5000[32;1m.
To access the interactive session, select the correct app, and click on "Live Labeling".

[0m
2021-04-08 14:38:31,107 INFO     test_ai_mod.carbon_explore.interactive -- Interactive explore -- status -- start
2021-04-08 14:38:31,108 INFO     test_ai_mod.carbon_explore.interactive -- Interactive explore -- status -- end
2021-04-08 14:38:31,211 INFO     test_ai_mod.carbon_dao.local_carbon_dao -- Getting build info: APP_ID: 5de8e4f0-bf1c-4291-9546-ec76f2e07854, BUILD_ID: 4da41add-a1aa-4210-bd3e-914d995c2c1f
2021-04-08 14:38:31,239 INFO     test_ai_mod.carbon_explore.interactive -- Interactive explore -- get_crawls(web, 5de8e4f0-bf1c-4291-9546-ec76f2e07854) -- start
2021-04-08 14:38:31,239 INFO     test_ai_mod.carbon_explore.interactive -- Interactive explore -- get_crawls(web, 5de8e4f0-bf1c-4291-9546-ec76f2e07854) -- end
2021-04-08 14:38:31,393 INFO     test_ai_mod.carbon_explore.interactive -- Interactive explore -- get_labeler_objects -- start
2021-04-08 14:38:31,393 INFO     test_ai_mod.carbon_explore.interactive -- Interactive explore -- Processing crawl interactively 20210408143803
2021-04-08 14:38:31,393 INFO     test_ai_mod.carbon_tasks.process_crawl_task -- processing crawl: 20210408143803 (app: 5de8e4f0-bf1c-4291-9546-ec76f2e07854, build: 4da41add-a1aa-4210-bd3e-914d995c2c1f)
2021-04-08 14:38:31,393 INFO     test_ai_mod.carbon_tasks.process_crawl_task -- processing screens for crawl
2021-04-08 14:38:31,552 INFO     test_ai_mod.carbon_tasks.process_crawl_task -- writing unique screens file
2021-04-08 14:38:31,552 INFO     test_ai_mod.carbon_tasks.process_crawl_task -- writing screen hash map
2021-04-08 14:38:31,558 INFO     test_ai_mod.carbon_tasks.process_crawl_task -- writing screen similarity file
2021-04-08 14:38:31,559 INFO     test_ai_mod.carbon_tasks.process_crawl_task -- processing elements for crawl
2021-04-08 14:38:31,564 INFO     test_ai_mod.carbon_tasks.process_crawl_task -- skipping already processed: iter_00000_step_00000_info.json
2021-04-08 14:38:31,766 INFO     test_ai_mod.carbon_tasks.process_crawl_task -- Writing unique tags file.
2021-04-08 14:38:31,766 INFO     test_ai_mod.carbon_tasks.process_crawl_task -- writing unique elems file
2021-04-08 14:38:31,767 INFO     test_ai_mod.carbon_tasks.process_crawl_task -- writing elem hash map
2021-04-08 14:38:31,776 INFO     test_ai_mod.carbon_tasks.process_crawl_task -- writing elem similarity file
2021-04-08 14:38:31,778 INFO     test_ai_mod.carbon_tasks.process_crawl_task -- generating labeler objects file for crawl (v0)
2021-04-08 14:38:31,791 INFO     test_ai_mod.carbon_tasks.process_crawl_task -- reconciling screens labeled at runtime
2021-04-08 14:38:31,792 INFO     test_ai_mod.carbon_tasks.process_crawl_task -- reconciling elements labeled at runtime
2021-04-08 14:38:31,798 INFO     test_ai_mod.carbon_explore.interactive -- Interactive explore -- Generating labels using hash information 20210408143803
2021-04-08 14:38:31,802 INFO     test_ai_mod.carbon_explore.interactive -- Interactive explore -- get_labeler_objects -- end
2021-04-08 14:38:31,876 INFO     test_ai_mod.carbon_dao.local_carbon_dao -- Getting build info: APP_ID: 5de8e4f0-bf1c-4291-9546-ec76f2e07854, BUILD_ID: 4da41add-a1aa-4210-bd3e-914d995c2c1f
2021-04-08 14:38:31,893 INFO     test_ai_mod.carbon_dao.local_carbon_dao -- Getting build info: APP_ID: 5de8e4f0-bf1c-4291-9546-ec76f2e07854, BUILD_ID: 4da41add-a1aa-4210-bd3e-914d995c2c1f
2021-04-08 14:38:32,050 INFO     test_ai_mod.carbon_dao.local_carbon_dao -- Getting build info: APP_ID: 5de8e4f0-bf1c-4291-9546-ec76f2e07854, BUILD_ID: 4da41add-a1aa-4210-bd3e-914d995c2c1f
2021-04-08 14:38:46,572 INFO     test_ai_mod.carbon_explore.interactive -- Interactive explore -- status -- start
2021-04-08 14:38:46,572 INFO     test_ai_mod.carbon_explore.interactive -- Interactive explore -- status -- end
2021-04-08 14:39:01,109 INFO     test_ai_mod.carbon_explore.interactive -- Interactive explore -- status -- start
2021-04-08 14:39:01,109 INFO     test_ai_mod.carbon_explore.interactive -- Interactive explore -- status -- end
2021-04-08 14:39:20,613 INFO     test_ai_mod.carbon_explore.interactive -- Interactive explore -- status -- start
2021-04-08 14:39:20,613 INFO     test_ai_mod.carbon_explore.interactive -- Interactive explore -- status -- end
2021-04-08 14:39:35,175 INFO     test_ai_mod.carbon_explore.interactive -- Interactive explore -- status -- start
2021-04-08 14:39:35,175 INFO     test_ai_mod.carbon_explore.interactive -- Interactive explore -- status -- end
2021-04-08 14:39:50,414 INFO     test_ai_mod.carbon_explore.interactive -- Interactive explore -- status -- start
2021-04-08 14:39:50,414 INFO     test_ai_mod.carbon_explore.interactive -- Interactive explore -- status -- end
2021-04-08 14:40:05,321 INFO     test_ai_mod.carbon_explore.interactive -- Interactive explore -- status -- start
2021-04-08 14:40:05,321 INFO     test_ai_mod.carbon_explore.interactive -- Interactive explore -- status -- end
2021-04-08 14:40:20,376 INFO     test_ai_mod.carbon_explore.interactive -- Interactive explore -- status -- start
2021-04-08 14:40:20,376 INFO     test_ai_mod.carbon_explore.interactive -- Interactive explore -- status -- end
2021-04-08 14:40:35,281 INFO     test_ai_mod.carbon_explore.interactive -- Interactive explore -- status -- start
2021-04-08 14:40:35,281 INFO     test_ai_mod.carbon_explore.interactive -- Interactive explore -- status -- end
2021-04-08 14:40:50,379 INFO     test_ai_mod.carbon_explore.interactive -- Interactive explore -- status -- start
2021-04-08 14:40:50,379 INFO     test_ai_mod.carbon_explore.interactive -- Interactive explore -- status -- end
2021-04-08 14:41:02,655 INFO     test_ai_mod.carbon_explore.interactive -- Interactive explore -- status -- start
2021-04-08 14:41:02,655 INFO     test_ai_mod.carbon_explore.interactive -- Interactive explore -- status -- end
2021-04-08 14:41:10,197 INFO     test_ai_mod.labeler.v1.crawls -- elem image requested, crawl: 20210408143803, filename: iter_00000_step_00000_17_a.png
2021-04-08 14:41:10,199 INFO     test_ai_mod.labeler.v1.crawls -- elem image requested, crawl: 20210408143803, filename: iter_00000_step_00000_27_textarea.png
2021-04-08 14:41:10,202 INFO     test_ai_mod.carbon_dao.local_carbon_dao -- Getting build info: APP_ID: 5de8e4f0-bf1c-4291-9546-ec76f2e07854, BUILD_ID: 4da41add-a1aa-4210-bd3e-914d995c2c1f
2021-04-08 14:41:10,204 INFO     test_ai_mod.labeler.v1.crawls -- resolved to: /Users/bot/test_ai/apps/5de8e4f0-bf1c-4291-9546-ec76f2e07854/builds/4da41add-a1aa-4210-bd3e-914d995c2c1f/crawls/20210408143803/elems/iter_00000_step_00000_17_a.png
2021-04-08 14:41:10,206 INFO     test_ai_mod.labeler.v1.crawls -- elem image requested, crawl: 20210408143803, filename: iter_00000_step_00000_31_button.png
2021-04-08 14:41:10,207 INFO     test_ai_mod.carbon_dao.local_carbon_dao -- Getting build info: APP_ID: 5de8e4f0-bf1c-4291-9546-ec76f2e07854, BUILD_ID: 4da41add-a1aa-4210-bd3e-914d995c2c1f
2021-04-08 14:41:10,211 INFO     test_ai_mod.labeler.v1.crawls -- elem image requested, crawl: 20210408143803, filename: iter_00000_step_00000_30_a.png
2021-04-08 14:41:10,216 INFO     test_ai_mod.labeler.v1.crawls -- elem image requested, crawl: 20210408143803, filename: iter_00000_step_00000_11_a.png
2021-04-08 14:41:10,217 INFO     test_ai_mod.carbon_dao.local_carbon_dao -- Getting build info: APP_ID: 5de8e4f0-bf1c-4291-9546-ec76f2e07854, BUILD_ID: 4da41add-a1aa-4210-bd3e-914d995c2c1f
2021-04-08 14:41:10,222 INFO     test_ai_mod.labeler.v1.crawls -- elem image requested, crawl: 20210408143803, filename: iter_00000_step_00000_18_input.png
2021-04-08 14:41:10,225 INFO     test_ai_mod.labeler.v1.crawls -- elem image requested, crawl: 20210408143803, filename: iter_00000_step_00000_1_input.png
2021-04-08 14:41:10,242 INFO     test_ai_mod.labeler.v1.crawls -- resolved to: /Users/bot/test_ai/apps/5de8e4f0-bf1c-4291-9546-ec76f2e07854/builds/4da41add-a1aa-4210-bd3e-914d995c2c1f/crawls/20210408143803/elems/iter_00000_step_00000_27_textarea.png
2021-04-08 14:41:10,248 INFO     test_ai_mod.labeler.v1.crawls -- resolved to: /Users/bot/test_ai/apps/5de8e4f0-bf1c-4291-9546-ec76f2e07854/builds/4da41add-a1aa-4210-bd3e-914d995c2c1f/crawls/20210408143803/elems/iter_00000_step_00000_31_button.png
2021-04-08 14:41:10,251 INFO     test_ai_mod.carbon_dao.local_carbon_dao -- Getting build info: APP_ID: 5de8e4f0-bf1c-4291-9546-ec76f2e07854, BUILD_ID: 4da41add-a1aa-4210-bd3e-914d995c2c1f
2021-04-08 14:41:10,252 INFO     test_ai_mod.carbon_dao.local_carbon_dao -- Getting build info: APP_ID: 5de8e4f0-bf1c-4291-9546-ec76f2e07854, BUILD_ID: 4da41add-a1aa-4210-bd3e-914d995c2c1f
2021-04-08 14:41:10,253 INFO     test_ai_mod.carbon_dao.local_carbon_dao -- Getting build info: APP_ID: 5de8e4f0-bf1c-4291-9546-ec76f2e07854, BUILD_ID: 4da41add-a1aa-4210-bd3e-914d995c2c1f
2021-04-08 14:41:10,255 INFO     test_ai_mod.labeler.v1.crawls -- resolved to: /Users/bot/test_ai/apps/5de8e4f0-bf1c-4291-9546-ec76f2e07854/builds/4da41add-a1aa-4210-bd3e-914d995c2c1f/crawls/20210408143803/elems/iter_00000_step_00000_1_input.png
2021-04-08 14:41:10,256 INFO     test_ai_mod.labeler.v1.crawls -- resolved to: /Users/bot/test_ai/apps/5de8e4f0-bf1c-4291-9546-ec76f2e07854/builds/4da41add-a1aa-4210-bd3e-914d995c2c1f/crawls/20210408143803/elems/iter_00000_step_00000_30_a.png
2021-04-08 14:41:10,258 INFO     test_ai_mod.labeler.v1.crawls -- resolved to: /Users/bot/test_ai/apps/5de8e4f0-bf1c-4291-9546-ec76f2e07854/builds/4da41add-a1aa-4210-bd3e-914d995c2c1f/crawls/20210408143803/elems/iter_00000_step_00000_11_a.png
2021-04-08 14:41:10,261 INFO     test_ai_mod.labeler.v1.crawls -- elem image requested, crawl: 20210408143803, filename: iter_00000_step_00000_14_a.png
2021-04-08 14:41:10,261 INFO     test_ai_mod.carbon_dao.local_carbon_dao -- Getting build info: APP_ID: 5de8e4f0-bf1c-4291-9546-ec76f2e07854, BUILD_ID: 4da41add-a1aa-4210-bd3e-914d995c2c1f
2021-04-08 14:41:10,268 INFO     test_ai_mod.labeler.v1.crawls -- elem image requested, crawl: 20210408143803, filename: iter_00000_step_00000_4_a.png
2021-04-08 14:41:10,269 INFO     test_ai_mod.labeler.v1.crawls -- resolved to: /Users/bot/test_ai/apps/5de8e4f0-bf1c-4291-9546-ec76f2e07854/builds/4da41add-a1aa-4210-bd3e-914d995c2c1f/crawls/20210408143803/elems/iter_00000_step_00000_18_input.png
2021-04-08 14:41:10,275 INFO     test_ai_mod.carbon_dao.local_carbon_dao -- Getting build info: APP_ID: 5de8e4f0-bf1c-4291-9546-ec76f2e07854, BUILD_ID: 4da41add-a1aa-4210-bd3e-914d995c2c1f
2021-04-08 14:41:10,276 INFO     test_ai_mod.labeler.v1.crawls -- resolved to: /Users/bot/test_ai/apps/5de8e4f0-bf1c-4291-9546-ec76f2e07854/builds/4da41add-a1aa-4210-bd3e-914d995c2c1f/crawls/20210408143803/elems/iter_00000_step_00000_14_a.png
2021-04-08 14:41:10,277 INFO     test_ai_mod.carbon_dao.local_carbon_dao -- Getting build info: APP_ID: 5de8e4f0-bf1c-4291-9546-ec76f2e07854, BUILD_ID: 4da41add-a1aa-4210-bd3e-914d995c2c1f
2021-04-08 14:41:10,281 INFO     test_ai_mod.labeler.v1.crawls -- resolved to: /Users/bot/test_ai/apps/5de8e4f0-bf1c-4291-9546-ec76f2e07854/builds/4da41add-a1aa-4210-bd3e-914d995c2c1f/crawls/20210408143803/elems/iter_00000_step_00000_4_a.png
2021-04-08 14:41:10,287 INFO     test_ai_mod.labeler.v1.crawls -- elem image requested, crawl: 20210408143803, filename: iter_00000_step_00000_8_a.png
2021-04-08 14:41:10,288 INFO     test_ai_mod.labeler.v1.crawls -- elem image requested, crawl: 20210408143803, filename: iter_00000_step_00000_20_a.png
2021-04-08 14:41:10,289 INFO     test_ai_mod.labeler.v1.crawls -- elem image requested, crawl: 20210408143803, filename: iter_00000_step_00000_38_a.png
2021-04-08 14:41:10,295 INFO     test_ai_mod.labeler.v1.crawls -- elem image requested, crawl: 20210408143803, filename: iter_00000_step_00000_12_input.png
2021-04-08 14:41:10,298 INFO     test_ai_mod.labeler.v1.crawls -- elem image requested, crawl: 20210408143803, filename: iter_00000_step_00000_3_a.png
2021-04-08 14:41:10,301 INFO     test_ai_mod.carbon_dao.local_carbon_dao -- Getting build info: APP_ID: 5de8e4f0-bf1c-4291-9546-ec76f2e07854, BUILD_ID: 4da41add-a1aa-4210-bd3e-914d995c2c1f
2021-04-08 14:41:10,302 INFO     test_ai_mod.carbon_dao.local_carbon_dao -- Getting build info: APP_ID: 5de8e4f0-bf1c-4291-9546-ec76f2e07854, BUILD_ID: 4da41add-a1aa-4210-bd3e-914d995c2c1f
2021-04-08 14:41:10,303 INFO     test_ai_mod.carbon_dao.local_carbon_dao -- Getting build info: APP_ID: 5de8e4f0-bf1c-4291-9546-ec76f2e07854, BUILD_ID: 4da41add-a1aa-4210-bd3e-914d995c2c1f
2021-04-08 14:41:10,303 INFO     test_ai_mod.carbon_dao.local_carbon_dao -- Getting build info: APP_ID: 5de8e4f0-bf1c-4291-9546-ec76f2e07854, BUILD_ID: 4da41add-a1aa-4210-bd3e-914d995c2c1f
2021-04-08 14:41:10,305 INFO     test_ai_mod.labeler.v1.crawls -- resolved to: /Users/bot/test_ai/apps/5de8e4f0-bf1c-4291-9546-ec76f2e07854/builds/4da41add-a1aa-4210-bd3e-914d995c2c1f/crawls/20210408143803/elems/iter_00000_step_00000_8_a.png
2021-04-08 14:41:10,307 INFO     test_ai_mod.labeler.v1.crawls -- elem image requested, crawl: 20210408143803, filename: iter_00000_step_00000_25_a.png
2021-04-08 14:41:10,308 INFO     test_ai_mod.labeler.v1.crawls -- resolved to: /Users/bot/test_ai/apps/5de8e4f0-bf1c-4291-9546-ec76f2e07854/builds/4da41add-a1aa-4210-bd3e-914d995c2c1f/crawls/20210408143803/elems/iter_00000_step_00000_20_a.png
2021-04-08 14:41:10,309 INFO     test_ai_mod.carbon_dao.local_carbon_dao -- Getting build info: APP_ID: 5de8e4f0-bf1c-4291-9546-ec76f2e07854, BUILD_ID: 4da41add-a1aa-4210-bd3e-914d995c2c1f
2021-04-08 14:41:10,312 INFO     test_ai_mod.labeler.v1.crawls -- resolved to: /Users/bot/test_ai/apps/5de8e4f0-bf1c-4291-9546-ec76f2e07854/builds/4da41add-a1aa-4210-bd3e-914d995c2c1f/crawls/20210408143803/elems/iter_00000_step_00000_12_input.png
2021-04-08 14:41:10,313 INFO     test_ai_mod.labeler.v1.crawls -- resolved to: /Users/bot/test_ai/apps/5de8e4f0-bf1c-4291-9546-ec76f2e07854/builds/4da41add-a1aa-4210-bd3e-914d995c2c1f/crawls/20210408143803/elems/iter_00000_step_00000_38_a.png
2021-04-08 14:41:10,319 INFO     test_ai_mod.carbon_dao.local_carbon_dao -- Getting build info: APP_ID: 5de8e4f0-bf1c-4291-9546-ec76f2e07854, BUILD_ID: 4da41add-a1aa-4210-bd3e-914d995c2c1f
2021-04-08 14:41:10,326 INFO     test_ai_mod.labeler.v1.crawls -- resolved to: /Users/bot/test_ai/apps/5de8e4f0-bf1c-4291-9546-ec76f2e07854/builds/4da41add-a1aa-4210-bd3e-914d995c2c1f/crawls/20210408143803/elems/iter_00000_step_00000_3_a.png
2021-04-08 14:41:10,336 INFO     test_ai_mod.labeler.v1.crawls -- elem image requested, crawl: 20210408143803, filename: iter_00000_step_00000_23_input.png
2021-04-08 14:41:10,341 INFO     test_ai_mod.labeler.v1.crawls -- resolved to: /Users/bot/test_ai/apps/5de8e4f0-bf1c-4291-9546-ec76f2e07854/builds/4da41add-a1aa-4210-bd3e-914d995c2c1f/crawls/20210408143803/elems/iter_00000_step_00000_25_a.png
2021-04-08 14:41:10,345 INFO     test_ai_mod.carbon_dao.local_carbon_dao -- Getting build info: APP_ID: 5de8e4f0-bf1c-4291-9546-ec76f2e07854, BUILD_ID: 4da41add-a1aa-4210-bd3e-914d995c2c1f
2021-04-08 14:41:10,346 INFO     test_ai_mod.labeler.v1.crawls -- resolved to: /Users/bot/test_ai/apps/5de8e4f0-bf1c-4291-9546-ec76f2e07854/builds/4da41add-a1aa-4210-bd3e-914d995c2c1f/crawls/20210408143803/elems/iter_00000_step_00000_23_input.png
2021-04-08 14:41:10,827 INFO     test_ai_mod.labeler.v1.crawls -- elem image requested, crawl: 20210408143803, filename: iter_00000_step_00000_screenshot.png
2021-04-08 14:41:10,828 INFO     test_ai_mod.carbon_dao.local_carbon_dao -- Getting build info: APP_ID: 5de8e4f0-bf1c-4291-9546-ec76f2e07854, BUILD_ID: 4da41add-a1aa-4210-bd3e-914d995c2c1f
2021-04-08 14:41:10,829 INFO     test_ai_mod.labeler.v1.crawls -- resolved to: /Users/bot/test_ai/apps/5de8e4f0-bf1c-4291-9546-ec76f2e07854/builds/4da41add-a1aa-4210-bd3e-914d995c2c1f/crawls/20210408143803/screens/iter_00000_step_00000_screenshot.png
2021-04-08 14:41:16,021 INFO     test_ai_mod.carbon_explore.interactive -- Interactive explore -- status -- start
2021-04-08 14:41:16,022 INFO     test_ai_mod.carbon_explore.interactive -- Interactive explore -- status -- end
2021-04-08 14:41:18,228 INFO     test_ai_mod.carbon_dao.local_carbon_dao -- Getting build info: APP_ID: 5de8e4f0-bf1c-4291-9546-ec76f2e07854, BUILD_ID: 4da41add-a1aa-4210-bd3e-914d995c2c1f
2021-04-08 14:41:18,230 INFO     test_ai_mod.labeler.v1.crawls -- labels_info:{u'screens': {}, u'elems': {u'iter_00000_step_00000_31_button.png': [u'btn_button_find_element']}}
2021-04-08 14:41:18,232 INFO     test_ai_mod.carbon_dao.local_carbon_dao -- Getting build info: APP_ID: 5de8e4f0-bf1c-4291-9546-ec76f2e07854, BUILD_ID: 4da41add-a1aa-4210-bd3e-914d995c2c1f
2021-04-08 14:41:18,265 INFO     test_ai_mod.carbon_dao.local_carbon_dao -- Getting build info: APP_ID: 5de8e4f0-bf1c-4291-9546-ec76f2e07854, BUILD_ID: 4da41add-a1aa-4210-bd3e-914d995c2c1f
2021-04-08 14:41:31,121 INFO     test_ai_mod.carbon_explore.interactive -- Interactive explore -- status -- start
2021-04-08 14:41:31,121 INFO     test_ai_mod.carbon_explore.interactive -- Interactive explore -- status -- end
2021-04-08 14:41:46,119 INFO     test_ai_mod.carbon_explore.interactive -- Interactive explore -- status -- start
2021-04-08 14:41:46,120 INFO     test_ai_mod.carbon_explore.interactive -- Interactive explore -- status -- end
2021-04-08 14:42:01,023 INFO     test_ai_mod.carbon_explore.interactive -- Interactive explore -- status -- start
2021-04-08 14:42:01,024 INFO     test_ai_mod.carbon_explore.interactive -- Interactive explore -- status -- end
2021-04-08 14:42:16,030 INFO     test_ai_mod.carbon_explore.interactive -- Interactive explore -- status -- start
2021-04-08 14:42:16,030 INFO     test_ai_mod.carbon_explore.interactive -- Interactive explore -- status -- end
2021-04-08 14:42:17,732 INFO     test_ai_mod.carbon_dao.local_carbon_dao -- Getting build info: APP_ID: 5de8e4f0-bf1c-4291-9546-ec76f2e07854, BUILD_ID: 4da41add-a1aa-4210-bd3e-914d995c2c1f
2021-04-08 14:42:17,734 INFO     test_ai_mod.labeler.v1.crawls -- labels_info:{u'screens': {}, u'elems': {u'iter_00000_step_00000_1_input.png': [u'inp_checkbox'], u'iter_00000_step_00000_31_button.png': [u'btn_button_find_element']}}
2021-04-08 14:42:17,735 INFO     test_ai_mod.carbon_dao.local_carbon_dao -- Getting build info: APP_ID: 5de8e4f0-bf1c-4291-9546-ec76f2e07854, BUILD_ID: 4da41add-a1aa-4210-bd3e-914d995c2c1f
2021-04-08 14:42:17,768 INFO     test_ai_mod.carbon_dao.local_carbon_dao -- Getting build info: APP_ID: 5de8e4f0-bf1c-4291-9546-ec76f2e07854, BUILD_ID: 4da41add-a1aa-4210-bd3e-914d995c2c1f
2021-04-08 14:42:31,531 INFO     test_ai_mod.carbon_explore.interactive -- Interactive explore -- status -- start
2021-04-08 14:42:31,532 INFO     test_ai_mod.carbon_explore.interactive -- Interactive explore -- status -- end
2021-04-08 14:42:46,035 INFO     test_ai_mod.carbon_explore.interactive -- Interactive explore -- status -- start
2021-04-08 14:42:46,035 INFO     test_ai_mod.carbon_explore.interactive -- Interactive explore -- status -- end
2021-04-08 14:43:01,261 INFO     test_ai_mod.carbon_explore.interactive -- Interactive explore -- status -- start
2021-04-08 14:43:01,261 INFO     test_ai_mod.carbon_explore.interactive -- Interactive explore -- status -- end
2021-04-08 14:43:16,030 INFO     test_ai_mod.carbon_explore.interactive -- Interactive explore -- status -- start
2021-04-08 14:43:16,030 INFO     test_ai_mod.carbon_explore.interactive -- Interactive explore -- status -- end
2021-04-08 14:43:33,285 INFO     test_ai_mod.carbon_explore.interactive -- Interactive explore -- status -- start
2021-04-08 14:43:33,285 INFO     test_ai_mod.carbon_explore.interactive -- Interactive explore -- status -- end
2021-04-08 14:43:46,122 INFO     test_ai_mod.carbon_explore.interactive -- Interactive explore -- status -- start
2021-04-08 14:43:46,122 INFO     test_ai_mod.carbon_explore.interactive -- Interactive explore -- status -- end
2021-04-08 14:44:02,979 INFO     test_ai_mod.carbon_explore.interactive -- Interactive explore -- status -- start
2021-04-08 14:44:02,979 INFO     test_ai_mod.carbon_explore.interactive -- Interactive explore -- status -- end
2021-04-08 14:44:16,126 INFO     test_ai_mod.carbon_explore.interactive -- Interactive explore -- status -- start
2021-04-08 14:44:16,126 INFO     test_ai_mod.carbon_explore.interactive -- Interactive explore -- status -- end
2021-04-08 14:44:31,126 INFO     test_ai_mod.carbon_explore.interactive -- Interactive explore -- status -- start
2021-04-08 14:44:31,127 INFO     test_ai_mod.carbon_explore.interactive -- Interactive explore -- status -- end
2021-04-08 14:44:46,123 INFO     test_ai_mod.carbon_explore.interactive -- Interactive explore -- status -- start
2021-04-08 14:44:46,124 INFO     test_ai_mod.carbon_explore.interactive -- Interactive explore -- status -- end
2021-04-08 14:45:07,588 INFO     test_ai_mod.carbon_explore.interactive -- Interactive explore -- status -- start
2021-04-08 14:45:07,588 INFO     test_ai_mod.carbon_explore.interactive -- Interactive explore -- status -- end
2021-04-08 14:45:19,241 INFO     test_ai_mod.carbon_explore.interactive -- Interactive explore -- status -- start
2021-04-08 14:45:19,241 INFO     test_ai_mod.carbon_explore.interactive -- Interactive explore -- status -- end
2021-04-08 14:45:35,932 INFO     test_ai_mod.carbon_explore.interactive -- Interactive explore -- status -- start
2021-04-08 14:45:35,933 INFO     test_ai_mod.carbon_explore.interactive -- Interactive explore -- status -- end
2021-04-08 14:45:50,088 INFO     test_ai_mod.carbon_explore.interactive -- Interactive explore -- status -- start
2021-04-08 14:45:50,088 INFO     test_ai_mod.carbon_explore.interactive -- Interactive explore -- status -- end
2021-04-08 14:46:01,034 INFO     test_ai_mod.carbon_explore.interactive -- Interactive explore -- status -- start
2021-04-08 14:46:01,034 INFO     test_ai_mod.carbon_explore.interactive -- Interactive explore -- status -- end
2021-04-08 14:46:16,036 INFO     test_ai_mod.carbon_explore.interactive -- Interactive explore -- status -- start
2021-04-08 14:46:16,036 INFO     test_ai_mod.carbon_explore.interactive -- Interactive explore -- status -- end
2021-04-08 14:46:31,037 INFO     test_ai_mod.carbon_explore.interactive -- Interactive explore -- status -- start
2021-04-08 14:46:31,037 INFO     test_ai_mod.carbon_explore.interactive -- Interactive explore -- status -- end
2021-04-08 14:46:46,036 INFO     test_ai_mod.carbon_explore.interactive -- Interactive explore -- status -- start
2021-04-08 14:46:46,036 INFO     test_ai_mod.carbon_explore.interactive -- Interactive explore -- status -- end
2021-04-08 14:46:56,981 INFO     test_ai_mod.carbon_dao.local_carbon_dao -- Getting build info: APP_ID: 5de8e4f0-bf1c-4291-9546-ec76f2e07854, BUILD_ID: 4da41add-a1aa-4210-bd3e-914d995c2c1f
2021-04-08 14:46:56,981 INFO     test_ai_mod.labeler.v1.crawls -- labels_info:{u'screens': {}, u'elems': {u'iter_00000_step_00000_23_input.png': [u'txt_input'], u'iter_00000_step_00000_1_input.png': [u'inp_checkbox'], u'iter_00000_step_00000_31_button.png': [u'btn_button_find_element']}}
2021-04-08 14:46:56,983 INFO     test_ai_mod.carbon_dao.local_carbon_dao -- Getting build info: APP_ID: 5de8e4f0-bf1c-4291-9546-ec76f2e07854, BUILD_ID: 4da41add-a1aa-4210-bd3e-914d995c2c1f
2021-04-08 14:46:57,018 INFO     test_ai_mod.carbon_dao.local_carbon_dao -- Getting build info: APP_ID: 5de8e4f0-bf1c-4291-9546-ec76f2e07854, BUILD_ID: 4da41add-a1aa-4210-bd3e-914d995c2c1f
2021-04-08 14:46:59,344 INFO     test_ai_mod.carbon_dao.local_carbon_dao -- Getting build info: APP_ID: 5de8e4f0-bf1c-4291-9546-ec76f2e07854, BUILD_ID: 4da41add-a1aa-4210-bd3e-914d995c2c1f
2021-04-08 14:46:59,345 INFO     test_ai_mod.labeler.v1.crawls -- labels_info:{u'screens': {}, u'elems': {u'iter_00000_step_00000_23_input.png': [u'txt_input'], u'iter_00000_step_00000_25_a.png': [u'mnu_profile'], u'iter_00000_step_00000_1_input.png': [u'inp_checkbox'], u'iter_00000_step_00000_31_button.png': [u'btn_button_find_element']}}
2021-04-08 14:46:59,346 INFO     test_ai_mod.carbon_dao.local_carbon_dao -- Getting build info: APP_ID: 5de8e4f0-bf1c-4291-9546-ec76f2e07854, BUILD_ID: 4da41add-a1aa-4210-bd3e-914d995c2c1f
2021-04-08 14:46:59,378 INFO     test_ai_mod.carbon_dao.local_carbon_dao -- Getting build info: APP_ID: 5de8e4f0-bf1c-4291-9546-ec76f2e07854, BUILD_ID: 4da41add-a1aa-4210-bd3e-914d995c2c1f
2021-04-08 14:47:00,108 INFO     test_ai_mod.carbon_dao.local_carbon_dao -- Getting build info: APP_ID: 5de8e4f0-bf1c-4291-9546-ec76f2e07854, BUILD_ID: 4da41add-a1aa-4210-bd3e-914d995c2c1f
2021-04-08 14:47:00,108 INFO     test_ai_mod.labeler.v1.crawls -- labels_info:{u'screens': {}, u'elems': {u'iter_00000_step_00000_3_a.png': [u'mnu_tap_param'], u'iter_00000_step_00000_23_input.png': [u'txt_input'], u'iter_00000_step_00000_25_a.png': [u'mnu_profile'], u'iter_00000_step_00000_1_input.png': [u'inp_checkbox'], u'iter_00000_step_00000_31_button.png': [u'btn_button_find_element']}}
2021-04-08 14:47:00,109 INFO     test_ai_mod.carbon_dao.local_carbon_dao -- Getting build info: APP_ID: 5de8e4f0-bf1c-4291-9546-ec76f2e07854, BUILD_ID: 4da41add-a1aa-4210-bd3e-914d995c2c1f
2021-04-08 14:47:00,145 INFO     test_ai_mod.carbon_dao.local_carbon_dao -- Getting build info: APP_ID: 5de8e4f0-bf1c-4291-9546-ec76f2e07854, BUILD_ID: 4da41add-a1aa-4210-bd3e-914d995c2c1f
2021-04-08 14:47:00,872 INFO     test_ai_mod.carbon_dao.local_carbon_dao -- Getting build info: APP_ID: 5de8e4f0-bf1c-4291-9546-ec76f2e07854, BUILD_ID: 4da41add-a1aa-4210-bd3e-914d995c2c1f
2021-04-08 14:47:00,874 INFO     test_ai_mod.labeler.v1.crawls -- labels_info:{u'screens': {}, u'elems': {u'iter_00000_step_00000_3_a.png': [u'mnu_tap_param'], u'iter_00000_step_00000_25_a.png': [u'mnu_profile'], u'iter_00000_step_00000_38_a.png': [u'mnu_home'], u'iter_00000_step_00000_23_input.png': [u'txt_input'], u'iter_00000_step_00000_31_button.png': [u'btn_button_find_element'], u'iter_00000_step_00000_1_input.png': [u'inp_checkbox']}}
2021-04-08 14:47:00,875 INFO     test_ai_mod.carbon_dao.local_carbon_dao -- Getting build info: APP_ID: 5de8e4f0-bf1c-4291-9546-ec76f2e07854, BUILD_ID: 4da41add-a1aa-4210-bd3e-914d995c2c1f
2021-04-08 14:47:00,906 INFO     test_ai_mod.carbon_dao.local_carbon_dao -- Getting build info: APP_ID: 5de8e4f0-bf1c-4291-9546-ec76f2e07854, BUILD_ID: 4da41add-a1aa-4210-bd3e-914d995c2c1f
2021-04-08 14:47:01,038 INFO     test_ai_mod.carbon_explore.interactive -- Interactive explore -- status -- start
2021-04-08 14:47:01,038 INFO     test_ai_mod.carbon_explore.interactive -- Interactive explore -- status -- end
2021-04-08 14:47:03,627 INFO     test_ai_mod.carbon_dao.local_carbon_dao -- Getting build info: APP_ID: 5de8e4f0-bf1c-4291-9546-ec76f2e07854, BUILD_ID: 4da41add-a1aa-4210-bd3e-914d995c2c1f
2021-04-08 14:47:03,628 INFO     test_ai_mod.labeler.v1.crawls -- labels_info:{u'screens': {}, u'elems': {u'iter_00000_step_00000_3_a.png': [u'mnu_tap_param'], u'iter_00000_step_00000_25_a.png': [u'mnu_profile'], u'iter_00000_step_00000_38_a.png': [u'mnu_home'], u'iter_00000_step_00000_23_input.png': [u'txt_input'], u'iter_00000_step_00000_31_button.png': [u'btn_button_find_element'], u'iter_00000_step_00000_12_input.png': [u'btn_radio'], u'iter_00000_step_00000_1_input.png': [u'inp_checkbox']}}
2021-04-08 14:47:03,631 INFO     test_ai_mod.carbon_dao.local_carbon_dao -- Getting build info: APP_ID: 5de8e4f0-bf1c-4291-9546-ec76f2e07854, BUILD_ID: 4da41add-a1aa-4210-bd3e-914d995c2c1f
2021-04-08 14:47:03,653 INFO     test_ai_mod.carbon_dao.local_carbon_dao -- Getting build info: APP_ID: 5de8e4f0-bf1c-4291-9546-ec76f2e07854, BUILD_ID: 4da41add-a1aa-4210-bd3e-914d995c2c1f
2021-04-08 14:47:05,111 INFO     test_ai_mod.carbon_dao.local_carbon_dao -- Getting build info: APP_ID: 5de8e4f0-bf1c-4291-9546-ec76f2e07854, BUILD_ID: 4da41add-a1aa-4210-bd3e-914d995c2c1f
2021-04-08 14:47:05,112 INFO     test_ai_mod.labeler.v1.crawls -- labels_info:{u'screens': {}, u'elems': {u'iter_00000_step_00000_23_input.png': [u'txt_input'], u'iter_00000_step_00000_25_a.png': [u'mnu_profile'], u'iter_00000_step_00000_38_a.png': [u'mnu_home'], u'iter_00000_step_00000_8_a.png': [u'btn_link_find_element'], u'iter_00000_step_00000_31_button.png': [u'btn_button_find_element'], u'iter_00000_step_00000_3_a.png': [u'mnu_tap_param'], u'iter_00000_step_00000_12_input.png': [u'btn_radio'], u'iter_00000_step_00000_1_input.png': [u'inp_checkbox']}}
2021-04-08 14:47:05,113 INFO     test_ai_mod.carbon_dao.local_carbon_dao -- Getting build info: APP_ID: 5de8e4f0-bf1c-4291-9546-ec76f2e07854, BUILD_ID: 4da41add-a1aa-4210-bd3e-914d995c2c1f
2021-04-08 14:47:05,151 INFO     test_ai_mod.carbon_dao.local_carbon_dao -- Getting build info: APP_ID: 5de8e4f0-bf1c-4291-9546-ec76f2e07854, BUILD_ID: 4da41add-a1aa-4210-bd3e-914d995c2c1f
2021-04-08 14:47:05,776 INFO     test_ai_mod.carbon_dao.local_carbon_dao -- Getting build info: APP_ID: 5de8e4f0-bf1c-4291-9546-ec76f2e07854, BUILD_ID: 4da41add-a1aa-4210-bd3e-914d995c2c1f
2021-04-08 14:47:05,777 INFO     test_ai_mod.labeler.v1.crawls -- labels_info:{u'screens': {}, u'elems': {u'iter_00000_step_00000_23_input.png': [u'txt_input'], u'iter_00000_step_00000_25_a.png': [u'mnu_profile'], u'iter_00000_step_00000_38_a.png': [u'mnu_home'], u'iter_00000_step_00000_8_a.png': [u'btn_link_find_element'], u'iter_00000_step_00000_31_button.png': [u'btn_button_find_element'], u'iter_00000_step_00000_20_a.png': [u'mnu_find_element'], u'iter_00000_step_00000_3_a.png': [u'mnu_tap_param'], u'iter_00000_step_00000_12_input.png': [u'btn_radio'], u'iter_00000_step_00000_1_input.png': [u'inp_checkbox']}}
2021-04-08 14:47:05,780 INFO     test_ai_mod.carbon_dao.local_carbon_dao -- Getting build info: APP_ID: 5de8e4f0-bf1c-4291-9546-ec76f2e07854, BUILD_ID: 4da41add-a1aa-4210-bd3e-914d995c2c1f
2021-04-08 14:47:05,812 INFO     test_ai_mod.carbon_dao.local_carbon_dao -- Getting build info: APP_ID: 5de8e4f0-bf1c-4291-9546-ec76f2e07854, BUILD_ID: 4da41add-a1aa-4210-bd3e-914d995c2c1f
2021-04-08 14:47:07,075 INFO     test_ai_mod.carbon_dao.local_carbon_dao -- Getting build info: APP_ID: 5de8e4f0-bf1c-4291-9546-ec76f2e07854, BUILD_ID: 4da41add-a1aa-4210-bd3e-914d995c2c1f
2021-04-08 14:47:07,077 INFO     test_ai_mod.labeler.v1.crawls -- labels_info:{u'screens': {}, u'elems': {u'iter_00000_step_00000_23_input.png': [u'txt_input'], u'iter_00000_step_00000_25_a.png': [u'mnu_profile'], u'iter_00000_step_00000_38_a.png': [u'mnu_home'], u'iter_00000_step_00000_8_a.png': [u'btn_link_find_element'], u'iter_00000_step_00000_31_button.png': [u'btn_button_find_element'], u'iter_00000_step_00000_20_a.png': [u'mnu_find_element'], u'iter_00000_step_00000_14_a.png': [u'mnu_verify'], u'iter_00000_step_00000_3_a.png': [u'mnu_tap_param'], u'iter_00000_step_00000_12_input.png': [u'btn_radio'], u'iter_00000_step_00000_1_input.png': [u'inp_checkbox']}}
2021-04-08 14:47:07,078 INFO     test_ai_mod.carbon_dao.local_carbon_dao -- Getting build info: APP_ID: 5de8e4f0-bf1c-4291-9546-ec76f2e07854, BUILD_ID: 4da41add-a1aa-4210-bd3e-914d995c2c1f
2021-04-08 14:47:07,109 INFO     test_ai_mod.carbon_dao.local_carbon_dao -- Getting build info: APP_ID: 5de8e4f0-bf1c-4291-9546-ec76f2e07854, BUILD_ID: 4da41add-a1aa-4210-bd3e-914d995c2c1f
2021-04-08 14:47:07,763 INFO     test_ai_mod.carbon_dao.local_carbon_dao -- Getting build info: APP_ID: 5de8e4f0-bf1c-4291-9546-ec76f2e07854, BUILD_ID: 4da41add-a1aa-4210-bd3e-914d995c2c1f
2021-04-08 14:47:07,765 INFO     test_ai_mod.labeler.v1.crawls -- labels_info:{u'screens': {}, u'elems': {u'iter_00000_step_00000_23_input.png': [u'txt_input'], u'iter_00000_step_00000_25_a.png': [u'mnu_profile'], u'iter_00000_step_00000_38_a.png': [u'mnu_home'], u'iter_00000_step_00000_8_a.png': [u'btn_link_find_element'], u'iter_00000_step_00000_20_a.png': [u'mnu_find_element'], u'iter_00000_step_00000_4_a.png': [u'mnu_logout'], u'iter_00000_step_00000_31_button.png': [u'btn_button_find_element'], u'iter_00000_step_00000_14_a.png': [u'mnu_verify'], u'iter_00000_step_00000_3_a.png': [u'mnu_tap_param'], u'iter_00000_step_00000_12_input.png': [u'btn_radio'], u'iter_00000_step_00000_1_input.png': [u'inp_checkbox']}}
2021-04-08 14:47:07,767 INFO     test_ai_mod.carbon_dao.local_carbon_dao -- Getting build info: APP_ID: 5de8e4f0-bf1c-4291-9546-ec76f2e07854, BUILD_ID: 4da41add-a1aa-4210-bd3e-914d995c2c1f
2021-04-08 14:47:07,804 INFO     test_ai_mod.carbon_dao.local_carbon_dao -- Getting build info: APP_ID: 5de8e4f0-bf1c-4291-9546-ec76f2e07854, BUILD_ID: 4da41add-a1aa-4210-bd3e-914d995c2c1f
2021-04-08 14:47:09,212 INFO     test_ai_mod.carbon_dao.local_carbon_dao -- Getting build info: APP_ID: 5de8e4f0-bf1c-4291-9546-ec76f2e07854, BUILD_ID: 4da41add-a1aa-4210-bd3e-914d995c2c1f
2021-04-08 14:47:09,213 INFO     test_ai_mod.labeler.v1.crawls -- labels_info:{u'screens': {}, u'elems': {u'iter_00000_step_00000_23_input.png': [u'txt_input'], u'iter_00000_step_00000_25_a.png': [u'mnu_profile'], u'iter_00000_step_00000_38_a.png': [u'mnu_home'], u'iter_00000_step_00000_8_a.png': [u'btn_link_find_element'], u'iter_00000_step_00000_20_a.png': [u'mnu_find_element'], u'iter_00000_step_00000_4_a.png': [u'mnu_logout'], u'iter_00000_step_00000_31_button.png': [u'btn_button_find_element'], u'iter_00000_step_00000_14_a.png': [u'mnu_verify'], u'iter_00000_step_00000_3_a.png': [u'mnu_tap_param'], u'iter_00000_step_00000_12_input.png': [u'btn_radio'], u'iter_00000_step_00000_1_input.png': [u'inp_checkbox'], u'iter_00000_step_00000_18_input.png': [u'inp_slider']}}
2021-04-08 14:47:09,214 INFO     test_ai_mod.carbon_dao.local_carbon_dao -- Getting build info: APP_ID: 5de8e4f0-bf1c-4291-9546-ec76f2e07854, BUILD_ID: 4da41add-a1aa-4210-bd3e-914d995c2c1f
2021-04-08 14:47:09,252 INFO     test_ai_mod.carbon_dao.local_carbon_dao -- Getting build info: APP_ID: 5de8e4f0-bf1c-4291-9546-ec76f2e07854, BUILD_ID: 4da41add-a1aa-4210-bd3e-914d995c2c1f
2021-04-08 14:47:10,428 INFO     test_ai_mod.carbon_dao.local_carbon_dao -- Getting build info: APP_ID: 5de8e4f0-bf1c-4291-9546-ec76f2e07854, BUILD_ID: 4da41add-a1aa-4210-bd3e-914d995c2c1f
2021-04-08 14:47:10,429 INFO     test_ai_mod.labeler.v1.crawls -- labels_info:{u'screens': {}, u'elems': {u'iter_00000_step_00000_23_input.png': [u'txt_input'], u'iter_00000_step_00000_25_a.png': [u'mnu_profile'], u'iter_00000_step_00000_38_a.png': [u'mnu_home'], u'iter_00000_step_00000_8_a.png': [u'btn_link_find_element'], u'iter_00000_step_00000_20_a.png': [u'mnu_find_element'], u'iter_00000_step_00000_4_a.png': [u'mnu_logout'], u'iter_00000_step_00000_31_button.png': [u'btn_button_find_element'], u'iter_00000_step_00000_14_a.png': [u'mnu_verify'], u'iter_00000_step_00000_3_a.png': [u'mnu_tap_param'], u'iter_00000_step_00000_12_input.png': [u'btn_radio'], u'iter_00000_step_00000_1_input.png': [u'inp_checkbox'], u'iter_00000_step_00000_18_input.png': [u'inp_slider'], u'iter_00000_step_00000_30_a.png': [u'mnu_input_param']}}
2021-04-08 14:47:10,432 INFO     test_ai_mod.carbon_dao.local_carbon_dao -- Getting build info: APP_ID: 5de8e4f0-bf1c-4291-9546-ec76f2e07854, BUILD_ID: 4da41add-a1aa-4210-bd3e-914d995c2c1f
2021-04-08 14:47:10,458 INFO     test_ai_mod.carbon_dao.local_carbon_dao -- Getting build info: APP_ID: 5de8e4f0-bf1c-4291-9546-ec76f2e07854, BUILD_ID: 4da41add-a1aa-4210-bd3e-914d995c2c1f
2021-04-08 14:47:11,022 INFO     test_ai_mod.carbon_dao.local_carbon_dao -- Getting build info: APP_ID: 5de8e4f0-bf1c-4291-9546-ec76f2e07854, BUILD_ID: 4da41add-a1aa-4210-bd3e-914d995c2c1f
2021-04-08 14:47:11,022 INFO     test_ai_mod.labeler.v1.crawls -- labels_info:{u'screens': {}, u'elems': {u'iter_00000_step_00000_23_input.png': [u'txt_input'], u'iter_00000_step_00000_25_a.png': [u'mnu_profile'], u'iter_00000_step_00000_38_a.png': [u'mnu_home'], u'iter_00000_step_00000_8_a.png': [u'btn_link_find_element'], u'iter_00000_step_00000_20_a.png': [u'mnu_find_element'], u'iter_00000_step_00000_4_a.png': [u'mnu_logout'], u'iter_00000_step_00000_31_button.png': [u'btn_button_find_element'], u'iter_00000_step_00000_14_a.png': [u'mnu_verify'], u'iter_00000_step_00000_3_a.png': [u'mnu_tap_param'], u'iter_00000_step_00000_12_input.png': [u'btn_radio'], u'iter_00000_step_00000_1_input.png': [u'inp_checkbox'], u'iter_00000_step_00000_18_input.png': [u'inp_slider'], u'iter_00000_step_00000_11_a.png': [u'mnu_wait'], u'iter_00000_step_00000_30_a.png': [u'mnu_input_param']}}
2021-04-08 14:47:11,023 INFO     test_ai_mod.carbon_dao.local_carbon_dao -- Getting build info: APP_ID: 5de8e4f0-bf1c-4291-9546-ec76f2e07854, BUILD_ID: 4da41add-a1aa-4210-bd3e-914d995c2c1f
2021-04-08 14:47:11,063 INFO     test_ai_mod.carbon_dao.local_carbon_dao -- Getting build info: APP_ID: 5de8e4f0-bf1c-4291-9546-ec76f2e07854, BUILD_ID: 4da41add-a1aa-4210-bd3e-914d995c2c1f
2021-04-08 14:47:14,056 INFO     test_ai_mod.carbon_dao.local_carbon_dao -- Getting build info: APP_ID: 5de8e4f0-bf1c-4291-9546-ec76f2e07854, BUILD_ID: 4da41add-a1aa-4210-bd3e-914d995c2c1f
2021-04-08 14:47:14,057 INFO     test_ai_mod.labeler.v1.crawls -- labels_info:{u'screens': {}, u'elems': {u'iter_00000_step_00000_23_input.png': [u'txt_input'], u'iter_00000_step_00000_25_a.png': [u'mnu_profile'], u'iter_00000_step_00000_38_a.png': [u'mnu_home'], u'iter_00000_step_00000_8_a.png': [u'btn_link_find_element'], u'iter_00000_step_00000_20_a.png': [u'mnu_find_element'], u'iter_00000_step_00000_17_a.png': [u'mnu_basic_gestures'], u'iter_00000_step_00000_4_a.png': [u'mnu_logout'], u'iter_00000_step_00000_31_button.png': [u'btn_button_find_element'], u'iter_00000_step_00000_14_a.png': [u'mnu_verify'], u'iter_00000_step_00000_3_a.png': [u'mnu_tap_param'], u'iter_00000_step_00000_12_input.png': [u'btn_radio'], u'iter_00000_step_00000_1_input.png': [u'inp_checkbox'], u'iter_00000_step_00000_18_input.png': [u'inp_slider'], u'iter_00000_step_00000_11_a.png': [u'mnu_wait'], u'iter_00000_step_00000_30_a.png': [u'mnu_input_param']}}
2021-04-08 14:47:14,064 INFO     test_ai_mod.carbon_dao.local_carbon_dao -- Getting build info: APP_ID: 5de8e4f0-bf1c-4291-9546-ec76f2e07854, BUILD_ID: 4da41add-a1aa-4210-bd3e-914d995c2c1f
2021-04-08 14:47:14,110 INFO     test_ai_mod.carbon_dao.local_carbon_dao -- Getting build info: APP_ID: 5de8e4f0-bf1c-4291-9546-ec76f2e07854, BUILD_ID: 4da41add-a1aa-4210-bd3e-914d995c2c1f
2021-04-08 14:47:16,035 INFO     test_ai_mod.carbon_explore.interactive -- Interactive explore -- status -- start
2021-04-08 14:47:16,036 INFO     test_ai_mod.carbon_explore.interactive -- Interactive explore -- status -- end
2021-04-08 14:47:17,347 INFO     test_ai_mod.carbon_explore.interactive -- Interactive explore -- auto_label -- start
2021-04-08 14:47:17,347 INFO     test_ai_mod.carbon_explore.interactive -- Interactive explore -- get_labeler_objects -- start
2021-04-08 14:47:17,349 INFO     test_ai_mod.carbon_tasks.generate_auto_labels_task -- generating auto labels for crawl: 20210408143803, app_id: 5de8e4f0-bf1c-4291-9546-ec76f2e07854, build_id: 4da41add-a1aa-4210-bd3e-914d995c2c1f
2021-04-08 14:47:17,350 INFO     test_ai_mod.carbon_dao.local_carbon_dao -- Getting build info: APP_ID: 5de8e4f0-bf1c-4291-9546-ec76f2e07854, BUILD_ID: 4da41add-a1aa-4210-bd3e-914d995c2c1f
2021-04-08 14:47:17,351 INFO     test_ai_mod.carbon_dao.local_carbon_dao -- Getting build info: APP_ID: 5de8e4f0-bf1c-4291-9546-ec76f2e07854, BUILD_ID: 4da41add-a1aa-4210-bd3e-914d995c2c1f
2021-04-08 14:47:17,352 INFO     test_ai_mod.carbon_dao.local_carbon_dao -- Getting build info: APP_ID: 5de8e4f0-bf1c-4291-9546-ec76f2e07854, BUILD_ID: 4da41add-a1aa-4210-bd3e-914d995c2c1f
2021-04-08 14:47:17,352 INFO     test_ai_mod.carbon_dao.local_carbon_dao -- Getting build info: APP_ID: 5de8e4f0-bf1c-4291-9546-ec76f2e07854, BUILD_ID: 4da41add-a1aa-4210-bd3e-914d995c2c1f
2021-04-08 14:47:17,353 INFO     test_ai_mod.carbon_dao.local_carbon_dao -- Getting build info: APP_ID: 5de8e4f0-bf1c-4291-9546-ec76f2e07854, BUILD_ID: 4da41add-a1aa-4210-bd3e-914d995c2c1f
2021-04-08 14:47:17,354 INFO     test_ai_mod.carbon_dao.local_carbon_dao -- Getting build info: APP_ID: 5de8e4f0-bf1c-4291-9546-ec76f2e07854, BUILD_ID: 4da41add-a1aa-4210-bd3e-914d995c2c1f
2021-04-08 14:47:17,355 INFO     test_ai_mod.carbon_dao.local_carbon_dao -- Getting build info: APP_ID: 5de8e4f0-bf1c-4291-9546-ec76f2e07854, BUILD_ID: 4da41add-a1aa-4210-bd3e-914d995c2c1f
2021-04-08 14:47:17,461 INFO     test_ai_mod.carbon_tasks.generate_auto_labels_task -- writing merged, suggested labels to file: /Users/bot/test_ai/apps/5de8e4f0-bf1c-4291-9546-ec76f2e07854/builds/4da41add-a1aa-4210-bd3e-914d995c2c1f/crawls/20210407194432/labels/suggested_labels.json
2021-04-08 14:47:17,480 INFO     test_ai_mod.carbon_tasks.generate_auto_labels_task -- writing merged, suggested labels to file: /Users/bot/test_ai/apps/5de8e4f0-bf1c-4291-9546-ec76f2e07854/builds/4da41add-a1aa-4210-bd3e-914d995c2c1f/crawls/20210407200152/labels/suggested_labels.json
2021-04-08 14:47:17,485 INFO     test_ai_mod.carbon_tasks.generate_auto_labels_task -- writing merged, suggested labels to file: /Users/bot/test_ai/apps/5de8e4f0-bf1c-4291-9546-ec76f2e07854/builds/4da41add-a1aa-4210-bd3e-914d995c2c1f/crawls/20210408143803/labels/suggested_labels.json
2021-04-08 14:47:17,517 INFO     test_ai_mod.carbon_tasks.generate_auto_labels_task -- writing merged, suggested labels to file: /Users/bot/test_ai/apps/5de8e4f0-bf1c-4291-9546-ec76f2e07854/builds/4da41add-a1aa-4210-bd3e-914d995c2c1f/crawls/20210407191653/labels/suggested_labels.json
2021-04-08 14:47:17,518 INFO     test_ai_mod.carbon_tasks.generate_auto_labels_task -- writing merged, suggested labels to file: /Users/bot/test_ai/apps/5de8e4f0-bf1c-4291-9546-ec76f2e07854/builds/4da41add-a1aa-4210-bd3e-914d995c2c1f/crawls/20210408132838/labels/suggested_labels.json
2021-04-08 14:47:17,526 INFO     test_ai_mod.carbon_tasks.generate_auto_labels_task -- writing merged, suggested labels to file: /Users/bot/test_ai/apps/5de8e4f0-bf1c-4291-9546-ec76f2e07854/builds/4da41add-a1aa-4210-bd3e-914d995c2c1f/crawls/20210408134251/labels/suggested_labels.json
2021-04-08 14:47:17,542 INFO     test_ai_mod.carbon_tasks.generate_auto_labels_task -- writing applied hashes to labels to file: /Users/bot/test_ai/apps/5de8e4f0-bf1c-4291-9546-ec76f2e07854/lkg/hashes_to_labels.json
2021-04-08 14:47:17,544 INFO     test_ai_mod.carbon_tasks.generate_auto_labels_task -- writing applied human readable to labels to file: /Users/bot/test_ai/apps/5de8e4f0-bf1c-4291-9546-ec76f2e07854/lkg/human_readable_to_labels.json
2021-04-08 14:47:17,547 INFO     test_ai_mod.carbon_tasks.generate_auto_labels_task -- writing label to hash dicts to file: /Users/bot/test_ai/apps/5de8e4f0-bf1c-4291-9546-ec76f2e07854/lkg/label_to_hash_dicts.json
2021-04-08 14:47:17,549 INFO     test_ai_mod.carbon_tasks.generate_auto_labels_task -- writing human readable to paths to file: /Users/bot/test_ai/apps/5de8e4f0-bf1c-4291-9546-ec76f2e07854/lkg/human_readable_to_paths.json
2021-04-08 14:47:17,551 INFO     test_ai_mod.carbon_classifiers.label_classifier_pipe -- Begin loading configured modules
2021-04-08 14:47:17,551 INFO     test_ai_mod.carbon_classifiers.carbon_classifier_v1.screen_classifier -- Loading ScreenClassifier
2021-04-08 14:47:17,552 INFO     test_ai_mod.carbon_classifiers.template_matching.app_specific_template_matcher -- Loading AppSpecificTemplateMatcher
2021-04-08 14:47:17,552 INFO     test_ai_mod.carbon_classifiers.perceptual.nn_classifier -- Loading NNClassifier
2021-04-08 14:47:17,552 INFO     test_ai_mod.carbon_classifiers.template_matching.template_matching_classifier -- Loading TemplateMatchingClassifier
2021-04-08 14:47:17,553 WARNING  test_ai_mod.carbon_classifiers.template_matching.template_matching_classifier -- No template director exists at /Users/bot/test_ai/templates
2021-04-08 14:47:17,553 INFO     test_ai_mod.carbon_classifiers.http_classifier.http_classifier -- Loaded Http Classifier for ""
2021-04-08 14:47:17,554 INFO     test_ai_mod.carbon_tasks.generate_auto_labels_task -- classifying 1 unique screens
2021-04-08 14:47:17,555 INFO     test_ai_mod.carbon_utils.carbon_data -- loading models from LKG dir
2021-04-08 14:47:17,556 INFO     test_ai_mod.carbon_utils.carbon_data -- loading models from LKG dir
2021-04-08 14:47:17,568 INFO     test_ai_mod.carbon_classifiers.label_classifier_pipe -- Begin labeling elements
2021-04-08 14:47:17,599 INFO     test_ai_mod.carbon_classifiers.template_matching.app_specific_template_matcher -- Classifying screen with AppSpecificTemplateMatcher
2021-04-08 14:47:17,601 INFO     test_ai_mod.carbon_classifiers.perceptual.nn_classifier -- Classifying screen with NNClassifier
2021-04-08 14:47:17,816 INFO     test_ai_mod.carbon_classifiers.label_classifier_pipe -- End labeling elements: Time taken 0.247164964676 seconds
2021-04-08 14:47:17,816 INFO     test_ai_mod.carbon_tasks.generate_auto_labels_task -- classifying 47 unique elems
2021-04-08 14:47:17,842 INFO     test_ai_mod.carbon_utils.carbon_data -- loading models from LKG dir
2021-04-08 14:47:17,842 INFO     test_ai_mod.carbon_utils.carbon_data -- loading models from LKG dir
2021-04-08 14:47:17,843 INFO     test_ai_mod.carbon_classifiers.label_classifier_pipe -- Begin labeling elements
2021-04-08 14:47:17,873 INFO     test_ai_mod.carbon_classifiers.template_matching.app_specific_template_matcher -- Classifying screen with AppSpecificTemplateMatcher
2021-04-08 14:47:17,873 INFO     test_ai_mod.carbon_classifiers.perceptual.nn_classifier -- Classifying screen with NNClassifier
2021-04-08 14:47:18,201 INFO     test_ai_mod.carbon_classifiers.perceptual.nn_classifier -- elem classified: mnu_logout, score: 1.0
2021-04-08 14:47:18,203 INFO     test_ai_mod.carbon_classifiers.perceptual.nn_classifier -- elem classified: mnu_input_param, score: 1.0
2021-04-08 14:47:18,205 INFO     test_ai_mod.carbon_classifiers.perceptual.nn_classifier -- elem classified: inp_slider, score: 1.0
2021-04-08 14:47:18,212 INFO     test_ai_mod.carbon_classifiers.perceptual.nn_classifier -- elem classified: mnu_verify, score: 1.0
2021-04-08 14:47:18,216 INFO     test_ai_mod.carbon_classifiers.perceptual.nn_classifier -- elem classified: mnu_find_element, score: 1.0
2021-04-08 14:47:18,217 INFO     test_ai_mod.carbon_classifiers.perceptual.nn_classifier -- elem classified: btn_radio, score: 1.0
2021-04-08 14:47:18,218 INFO     test_ai_mod.carbon_classifiers.perceptual.nn_classifier -- elem classified: mnu_wait, score: 1.0
2021-04-08 14:47:18,219 INFO     test_ai_mod.carbon_classifiers.perceptual.nn_classifier -- elem classified: btn_button_find_element, score: 1.0
2021-04-08 14:47:18,220 INFO     test_ai_mod.carbon_classifiers.perceptual.nn_classifier -- elem classified: txt_input, score: 1.0
2021-04-08 14:47:18,222 INFO     test_ai_mod.carbon_classifiers.perceptual.nn_classifier -- elem classified: mnu_home, score: 1.0
2021-04-08 14:47:18,223 INFO     test_ai_mod.carbon_classifiers.perceptual.nn_classifier -- elem classified: inp_checkbox, score: 1.0
2021-04-08 14:47:18,230 INFO     test_ai_mod.carbon_classifiers.perceptual.nn_classifier -- elem classified: mnu_profile, score: 1.0
2021-04-08 14:47:18,235 INFO     test_ai_mod.carbon_classifiers.perceptual.nn_classifier -- elem classified: mnu_basic_gestures, score: 1.0
2021-04-08 14:47:18,241 INFO     test_ai_mod.carbon_classifiers.perceptual.nn_classifier -- elem classified: mnu_tap_param, score: 1.0
2021-04-08 14:47:18,243 INFO     test_ai_mod.carbon_classifiers.perceptual.nn_classifier -- elem classified: btn_link_find_element, score: 1.0
2021-04-08 14:47:18,266 INFO     test_ai_mod.carbon_classifiers.label_classifier_pipe -- End labeling elements: Time taken 0.423269987106 seconds
2021-04-08 14:47:18,269 INFO     test_ai_mod.carbon_tasks.generate_auto_labels_task -- writing merged, suggested labels to file: /Users/bot/test_ai/apps/5de8e4f0-bf1c-4291-9546-ec76f2e07854/builds/4da41add-a1aa-4210-bd3e-914d995c2c1f/crawls/20210408143803/labels/suggested_labels.json
2021-04-08 14:47:18,271 INFO     test_ai_mod.carbon_explore.interactive -- Interactive explore -- get labels for crawl 20210408143803
2021-04-08 14:47:18,273 INFO     test_ai_mod.carbon_dao.local_carbon_dao -- Getting build info: APP_ID: 5de8e4f0-bf1c-4291-9546-ec76f2e07854, BUILD_ID: 4da41add-a1aa-4210-bd3e-914d995c2c1f
2021-04-08 14:47:26,480 INFO     test_ai_mod.carbon_explore.interactive -- Interactive explore -- status -- start
2021-04-08 14:47:26,481 INFO     test_ai_mod.carbon_explore.interactive -- Interactive explore -- status -- end
2021-04-08 14:47:26,490 INFO     test_ai_mod.carbon_explore.interactive -- Interactive explore -- status -- start
2021-04-08 14:47:26,491 INFO     test_ai_mod.carbon_explore.interactive -- Interactive explore -- status -- end
2021-04-08 14:47:26,494 INFO     root -- Stopping interactive crawl.
2021-04-08 14:47:26,508 INFO     test_ai_mod.carbon_explore.interactive -- Interactive explore -- stop -- start
2021-04-08 14:47:26,509 INFO     test_ai_mod.carbon_explore.interactive -- Interactive explore -- stop -- stop
2021-04-08 14:47:27,009 INFO     test_ai_mod.carbon_explore.explore_hook -- Explore hook -- apply_deferred_runtime_labels starting.
2021-04-08 14:47:27,009 INFO     test_ai_mod.carbon_explore.explore_hook -- Explore hook -- apply_deferred_runtime_labels completed.
2021-04-08 14:47:27,009 INFO     test_ai_mod.carbon_explore.interactive -- Interactive explore -- start_interactive_loop completed.
2021-04-08 14:47:27,009 INFO     test_ai_mod.carbon_explore.explore -- performing post-walk cleanup
2021-04-08 14:47:27,010 INFO     test_ai_mod.carbon_utils.simulator_tools -- performing post-test cleanup
2021-04-08 14:47:27,010 INFO     test_ai_mod.carbon_utils.simulator_tools -- calling driver.quit
2021-04-08 14:47:27,394 INFO     test_ai_mod.carbon_explore.explore -- iteration completed: 0
2021-04-08 14:47:27,394 INFO     test_ai_mod.carbon_tasks.crawl_build_task -- walk: 1 - succeeded
2021-04-08 14:47:27,394 INFO     test_ai_mod.carbon_tasks.crawl_build_task -- Handling crawl stop request.
2021-04-08 14:47:27,396 INFO     test_ai_mod.carbon_dao.local_carbon_dao -- Getting build info: APP_ID: 5de8e4f0-bf1c-4291-9546-ec76f2e07854, BUILD_ID: 4da41add-a1aa-4210-bd3e-914d995c2c1f
2021-04-08 14:47:27,397 INFO     test_ai_mod.carbon_dao.local_carbon_dao -- Getting build info: APP_ID: 5de8e4f0-bf1c-4291-9546-ec76f2e07854, BUILD_ID: 4da41add-a1aa-4210-bd3e-914d995c2c1f
2021-04-08 14:47:27,398 INFO     test_ai_mod.carbon_dao.local_carbon_dao -- Getting build info: APP_ID: 5de8e4f0-bf1c-4291-9546-ec76f2e07854, BUILD_ID: 4da41add-a1aa-4210-bd3e-914d995c2c1f
2021-04-08 14:47:27,400 INFO     test_ai_mod.carbon_dao.local_carbon_dao -- Getting build info: APP_ID: 5de8e4f0-bf1c-4291-9546-ec76f2e07854, BUILD_ID: 4da41add-a1aa-4210-bd3e-914d995c2c1f
2021-04-08 14:47:27,401 INFO     test_ai_mod.carbon_dao.local_carbon_dao -- Getting build info: APP_ID: 5de8e4f0-bf1c-4291-9546-ec76f2e07854, BUILD_ID: 4da41add-a1aa-4210-bd3e-914d995c2c1f
2021-04-08 14:47:27,401 INFO     test_ai_mod.carbon_dao.local_carbon_dao -- Getting build info: APP_ID: 5de8e4f0-bf1c-4291-9546-ec76f2e07854, BUILD_ID: 4da41add-a1aa-4210-bd3e-914d995c2c1f
2021-04-08 14:47:27,402 INFO     test_ai_mod.carbon_dao.local_carbon_dao -- Getting build info: APP_ID: 5de8e4f0-bf1c-4291-9546-ec76f2e07854, BUILD_ID: 4da41add-a1aa-4210-bd3e-914d995c2c1f
2021-04-08 14:47:27,403 INFO     test_ai_mod.carbon_tasks.process_crawl_task -- processing crawl: 20210408143803 (app: 5de8e4f0-bf1c-4291-9546-ec76f2e07854, build: 4da41add-a1aa-4210-bd3e-914d995c2c1f)
2021-04-08 14:47:27,403 INFO     test_ai_mod.carbon_tasks.process_crawl_task -- processing screens for crawl
2021-04-08 14:47:27,588 INFO     test_ai_mod.carbon_tasks.process_crawl_task -- writing unique screens file
2021-04-08 14:47:27,589 INFO     test_ai_mod.carbon_tasks.process_crawl_task -- writing screen hash map
2021-04-08 14:47:27,595 INFO     test_ai_mod.carbon_tasks.process_crawl_task -- writing screen similarity file
2021-04-08 14:47:27,596 INFO     test_ai_mod.carbon_tasks.process_crawl_task -- processing elements for crawl
2021-04-08 14:47:27,600 INFO     test_ai_mod.carbon_tasks.process_crawl_task -- skipping already processed: iter_00000_step_00000_info.json
2021-04-08 14:47:27,838 INFO     test_ai_mod.carbon_tasks.process_crawl_task -- Writing unique tags file.
2021-04-08 14:47:27,838 INFO     test_ai_mod.carbon_tasks.process_crawl_task -- writing unique elems file
2021-04-08 14:47:27,839 INFO     test_ai_mod.carbon_tasks.process_crawl_task -- writing elem hash map
2021-04-08 14:47:27,849 INFO     test_ai_mod.carbon_tasks.process_crawl_task -- writing elem similarity file
2021-04-08 14:47:27,851 INFO     test_ai_mod.carbon_tasks.process_crawl_task -- generating and saving feature data for crawl
2021-04-08 14:47:27,852 INFO     test_ai_mod.carbon_tasks.generate_feature_data_task -- generating feature data for crawl: 20210408143803, app_id: 5de8e4f0-bf1c-4291-9546-ec76f2e07854, build_id: 4da41add-a1aa-4210-bd3e-914d995c2c1f
2021-04-08 14:47:27,853 INFO     test_ai_mod.carbon_tasks.generate_feature_data_task -- generating screen feature data
2021-04-08 14:47:28,337 INFO     test_ai_mod.carbon_tasks.generate_feature_data_task -- saving screen feature data
2021-04-08 14:47:28,338 INFO     test_ai_mod.carbon_tasks.process_crawl_task -- generating labeler objects file for crawl (v0)
2021-04-08 14:47:28,355 INFO     test_ai_mod.carbon_tasks.process_crawl_task -- reconciling screens labeled at runtime
2021-04-08 14:47:28,356 INFO     test_ai_mod.carbon_tasks.process_crawl_task -- reconciling elements labeled at runtime
2021-04-08 14:47:28,365 INFO     test_ai_mod.carbon_tasks.generate_auto_labels_task -- generating auto labels for crawl: 20210408143803, app_id: 5de8e4f0-bf1c-4291-9546-ec76f2e07854, build_id: 4da41add-a1aa-4210-bd3e-914d995c2c1f
2021-04-08 14:47:28,366 INFO     test_ai_mod.carbon_dao.local_carbon_dao -- Getting build info: APP_ID: 5de8e4f0-bf1c-4291-9546-ec76f2e07854, BUILD_ID: 4da41add-a1aa-4210-bd3e-914d995c2c1f
2021-04-08 14:47:28,370 INFO     test_ai_mod.carbon_dao.local_carbon_dao -- Getting build info: APP_ID: 5de8e4f0-bf1c-4291-9546-ec76f2e07854, BUILD_ID: 4da41add-a1aa-4210-bd3e-914d995c2c1f
2021-04-08 14:47:28,372 INFO     test_ai_mod.carbon_dao.local_carbon_dao -- Getting build info: APP_ID: 5de8e4f0-bf1c-4291-9546-ec76f2e07854, BUILD_ID: 4da41add-a1aa-4210-bd3e-914d995c2c1f
2021-04-08 14:47:28,374 INFO     test_ai_mod.carbon_dao.local_carbon_dao -- Getting build info: APP_ID: 5de8e4f0-bf1c-4291-9546-ec76f2e07854, BUILD_ID: 4da41add-a1aa-4210-bd3e-914d995c2c1f
2021-04-08 14:47:28,375 INFO     test_ai_mod.carbon_dao.local_carbon_dao -- Getting build info: APP_ID: 5de8e4f0-bf1c-4291-9546-ec76f2e07854, BUILD_ID: 4da41add-a1aa-4210-bd3e-914d995c2c1f
2021-04-08 14:47:28,377 INFO     test_ai_mod.carbon_dao.local_carbon_dao -- Getting build info: APP_ID: 5de8e4f0-bf1c-4291-9546-ec76f2e07854, BUILD_ID: 4da41add-a1aa-4210-bd3e-914d995c2c1f
2021-04-08 14:47:28,378 INFO     test_ai_mod.carbon_dao.local_carbon_dao -- Getting build info: APP_ID: 5de8e4f0-bf1c-4291-9546-ec76f2e07854, BUILD_ID: 4da41add-a1aa-4210-bd3e-914d995c2c1f
2021-04-08 14:47:28,441 INFO     test_ai_mod.carbon_tasks.generate_auto_labels_task -- writing merged, suggested labels to file: /Users/bot/test_ai/apps/5de8e4f0-bf1c-4291-9546-ec76f2e07854/builds/4da41add-a1aa-4210-bd3e-914d995c2c1f/crawls/20210408132838/labels/suggested_labels.json
2021-04-08 14:47:28,445 INFO     test_ai_mod.carbon_tasks.generate_auto_labels_task -- writing merged, suggested labels to file: /Users/bot/test_ai/apps/5de8e4f0-bf1c-4291-9546-ec76f2e07854/builds/4da41add-a1aa-4210-bd3e-914d995c2c1f/crawls/20210407194432/labels/suggested_labels.json
2021-04-08 14:47:28,454 INFO     test_ai_mod.carbon_tasks.generate_auto_labels_task -- writing merged, suggested labels to file: /Users/bot/test_ai/apps/5de8e4f0-bf1c-4291-9546-ec76f2e07854/builds/4da41add-a1aa-4210-bd3e-914d995c2c1f/crawls/20210407200152/labels/suggested_labels.json
2021-04-08 14:47:28,456 INFO     test_ai_mod.carbon_tasks.generate_auto_labels_task -- writing merged, suggested labels to file: /Users/bot/test_ai/apps/5de8e4f0-bf1c-4291-9546-ec76f2e07854/builds/4da41add-a1aa-4210-bd3e-914d995c2c1f/crawls/20210408134251/labels/suggested_labels.json
2021-04-08 14:47:28,469 INFO     test_ai_mod.carbon_tasks.generate_auto_labels_task -- writing merged, suggested labels to file: /Users/bot/test_ai/apps/5de8e4f0-bf1c-4291-9546-ec76f2e07854/builds/4da41add-a1aa-4210-bd3e-914d995c2c1f/crawls/20210408143803/labels/suggested_labels.json
2021-04-08 14:47:28,469 INFO     test_ai_mod.carbon_tasks.generate_auto_labels_task -- writing merged, suggested labels to file: /Users/bot/test_ai/apps/5de8e4f0-bf1c-4291-9546-ec76f2e07854/builds/4da41add-a1aa-4210-bd3e-914d995c2c1f/crawls/20210407191653/labels/suggested_labels.json
2021-04-08 14:47:28,478 INFO     test_ai_mod.carbon_tasks.generate_auto_labels_task -- writing applied hashes to labels to file: /Users/bot/test_ai/apps/5de8e4f0-bf1c-4291-9546-ec76f2e07854/lkg/hashes_to_labels.json
2021-04-08 14:47:28,479 INFO     test_ai_mod.carbon_tasks.generate_auto_labels_task -- writing applied human readable to labels to file: /Users/bot/test_ai/apps/5de8e4f0-bf1c-4291-9546-ec76f2e07854/lkg/human_readable_to_labels.json
2021-04-08 14:47:28,480 INFO     test_ai_mod.carbon_tasks.generate_auto_labels_task -- writing label to hash dicts to file: /Users/bot/test_ai/apps/5de8e4f0-bf1c-4291-9546-ec76f2e07854/lkg/label_to_hash_dicts.json
2021-04-08 14:47:28,481 INFO     test_ai_mod.carbon_tasks.generate_auto_labels_task -- writing human readable to paths to file: /Users/bot/test_ai/apps/5de8e4f0-bf1c-4291-9546-ec76f2e07854/lkg/human_readable_to_paths.json
2021-04-08 14:47:28,485 INFO     test_ai_mod.carbon_classifiers.label_classifier_pipe -- Begin loading configured modules
2021-04-08 14:47:28,486 INFO     test_ai_mod.carbon_classifiers.carbon_classifier_v1.screen_classifier -- Loading ScreenClassifier
2021-04-08 14:47:28,486 INFO     test_ai_mod.carbon_classifiers.template_matching.app_specific_template_matcher -- Loading AppSpecificTemplateMatcher
2021-04-08 14:47:28,486 INFO     test_ai_mod.carbon_classifiers.perceptual.nn_classifier -- Loading NNClassifier
2021-04-08 14:47:28,487 INFO     test_ai_mod.carbon_classifiers.template_matching.template_matching_classifier -- Loading TemplateMatchingClassifier
2021-04-08 14:47:28,487 WARNING  test_ai_mod.carbon_classifiers.template_matching.template_matching_classifier -- No template director exists at /Users/bot/test_ai/templates
2021-04-08 14:47:28,487 INFO     test_ai_mod.carbon_classifiers.http_classifier.http_classifier -- Loaded Http Classifier for ""
2021-04-08 14:47:28,487 INFO     test_ai_mod.carbon_tasks.generate_auto_labels_task -- classifying 1 unique screens
2021-04-08 14:47:28,487 INFO     test_ai_mod.carbon_utils.carbon_data -- loading models from LKG dir
2021-04-08 14:47:28,488 INFO     test_ai_mod.carbon_utils.carbon_data -- loading models from LKG dir
2021-04-08 14:47:28,491 INFO     test_ai_mod.carbon_classifiers.label_classifier_pipe -- Begin labeling elements
2021-04-08 14:47:28,511 INFO     test_ai_mod.carbon_classifiers.template_matching.app_specific_template_matcher -- Classifying screen with AppSpecificTemplateMatcher
2021-04-08 14:47:28,512 INFO     test_ai_mod.carbon_classifiers.perceptual.nn_classifier -- Classifying screen with NNClassifier
2021-04-08 14:47:28,625 INFO     test_ai_mod.carbon_classifiers.label_classifier_pipe -- End labeling elements: Time taken 0.133728027344 seconds
2021-04-08 14:47:28,626 INFO     test_ai_mod.carbon_tasks.generate_auto_labels_task -- classifying 47 unique elems
2021-04-08 14:47:28,634 INFO     test_ai_mod.carbon_utils.carbon_data -- loading models from LKG dir
2021-04-08 14:47:28,635 INFO     test_ai_mod.carbon_utils.carbon_data -- loading models from LKG dir
2021-04-08 14:47:28,635 INFO     test_ai_mod.carbon_classifiers.label_classifier_pipe -- Begin labeling elements
2021-04-08 14:47:28,649 INFO     test_ai_mod.carbon_classifiers.template_matching.app_specific_template_matcher -- Classifying screen with AppSpecificTemplateMatcher
2021-04-08 14:47:28,649 INFO     test_ai_mod.carbon_classifiers.perceptual.nn_classifier -- Classifying screen with NNClassifier
2021-04-08 14:47:28,874 INFO     test_ai_mod.carbon_classifiers.perceptual.nn_classifier -- elem classified: mnu_logout, score: 1.0
2021-04-08 14:47:28,875 INFO     test_ai_mod.carbon_classifiers.perceptual.nn_classifier -- elem classified: mnu_input_param, score: 1.0
2021-04-08 14:47:28,876 INFO     test_ai_mod.carbon_classifiers.perceptual.nn_classifier -- elem classified: inp_slider, score: 1.0
2021-04-08 14:47:28,879 INFO     test_ai_mod.carbon_classifiers.perceptual.nn_classifier -- elem classified: mnu_verify, score: 1.0
2021-04-08 14:47:28,881 INFO     test_ai_mod.carbon_classifiers.perceptual.nn_classifier -- elem classified: mnu_find_element, score: 1.0
2021-04-08 14:47:28,882 INFO     test_ai_mod.carbon_classifiers.perceptual.nn_classifier -- elem classified: btn_radio, score: 1.0
2021-04-08 14:47:28,883 INFO     test_ai_mod.carbon_classifiers.perceptual.nn_classifier -- elem classified: mnu_wait, score: 1.0
2021-04-08 14:47:28,884 INFO     test_ai_mod.carbon_classifiers.perceptual.nn_classifier -- elem classified: btn_button_find_element, score: 1.0
2021-04-08 14:47:28,885 INFO     test_ai_mod.carbon_classifiers.perceptual.nn_classifier -- elem classified: txt_input, score: 1.0
2021-04-08 14:47:28,888 INFO     test_ai_mod.carbon_classifiers.perceptual.nn_classifier -- elem classified: mnu_home, score: 1.0
2021-04-08 14:47:28,889 INFO     test_ai_mod.carbon_classifiers.perceptual.nn_classifier -- elem classified: inp_checkbox, score: 1.0
2021-04-08 14:47:28,891 INFO     test_ai_mod.carbon_classifiers.perceptual.nn_classifier -- elem classified: mnu_profile, score: 1.0
2021-04-08 14:47:28,896 INFO     test_ai_mod.carbon_classifiers.perceptual.nn_classifier -- elem classified: mnu_basic_gestures, score: 1.0
2021-04-08 14:47:28,901 INFO     test_ai_mod.carbon_classifiers.perceptual.nn_classifier -- elem classified: mnu_tap_param, score: 1.0
2021-04-08 14:47:28,902 INFO     test_ai_mod.carbon_classifiers.perceptual.nn_classifier -- elem classified: btn_link_find_element, score: 1.0
2021-04-08 14:47:28,916 INFO     test_ai_mod.carbon_classifiers.label_classifier_pipe -- End labeling elements: Time taken 0.281388044357 seconds
2021-04-08 14:47:28,918 INFO     test_ai_mod.carbon_tasks.generate_auto_labels_task -- writing merged, suggested labels to file: /Users/bot/test_ai/apps/5de8e4f0-bf1c-4291-9546-ec76f2e07854/builds/4da41add-a1aa-4210-bd3e-914d995c2c1f/crawls/20210408143803/labels/suggested_labels.json
2021-04-08 14:47:28,920 INFO     test_ai_mod.carbon_controllers.crawls -- Removing threaded log file handler for crawl.
