2021-04-08 13:28:38,497 INFO     test_ai_mod.carbon_controllers.crawls -- Logging crawl output to /Users/bot/test_ai/apps/5de8e4f0-bf1c-4291-9546-ec76f2e07854/builds/4da41add-a1aa-4210-bd3e-914d995c2c1f/logs/crawl-20210408192838.log
2021-04-08 13:28:38,500 INFO     test_ai_mod.carbon_tasks.crawl_build_task -- crawling build, app_id: 5de8e4f0-bf1c-4291-9546-ec76f2e07854, build_id: 4da41add-a1aa-4210-bd3e-914d995c2c1f
2021-04-08 13:28:38,500 INFO     test_ai_mod.carbon_tasks.crawl_build_task -- num_steps (when no test): 25
2021-04-08 13:28:38,500 INFO     test_ai_mod.carbon_tasks.crawl_build_task -- max_steps: 150
2021-04-08 13:28:38,500 INFO     test_ai_mod.carbon_tasks.crawl_build_task -- max_iterations: 1
2021-04-08 13:28:38,501 INFO     test_ai_mod.carbon_tasks.crawl_build_task -- rand_seed: 1617908827
2021-04-08 13:28:38,501 INFO     test_ai_mod.carbon_tasks.crawl_build_task -- test_wildcard: *
2021-04-08 13:28:38,501 INFO     test_ai_mod.carbon_tasks.crawl_build_task -- package: None
2021-04-08 13:28:38,501 INFO     test_ai_mod.carbon_tasks.crawl_build_task -- eyes_api_key: None
2021-04-08 13:28:38,501 INFO     test_ai_mod.carbon_tasks.crawl_build_task -- is_noop: False
2021-04-08 13:28:38,502 INFO     test_ai_mod.carbon_tasks.crawl_build_task -- created crawl, id: 20210408132838
2021-04-08 13:28:38,503 INFO     test_ai_mod.carbon_dao.local_carbon_dao -- Getting build info: APP_ID: 5de8e4f0-bf1c-4291-9546-ec76f2e07854, BUILD_ID: 4da41add-a1aa-4210-bd3e-914d995c2c1f
2021-04-08 13:28:38,503 INFO     test_ai_mod.carbon_dao.local_carbon_dao -- Getting build info: APP_ID: 5de8e4f0-bf1c-4291-9546-ec76f2e07854, BUILD_ID: 4da41add-a1aa-4210-bd3e-914d995c2c1f
2021-04-08 13:28:38,504 INFO     test_ai_mod.carbon_explore.explore -- using default extra walk count: 0
2021-04-08 13:28:38,514 INFO     test_ai_mod.carbon_tasks.crawl_build_task -- initiating walk [1/1]
2021-04-08 13:28:38,514 INFO     test_ai_mod.carbon_test_case.carbon_tests -- initial number of steps for walk: 25
2021-04-08 13:28:38,515 INFO     test_ai_mod.carbon_tasks.crawl_build_task -- effective_max_steps this walk: 26
2021-04-08 13:28:38,515 INFO     test_ai_mod.carbon_explore.explore -- **************************************************
2021-04-08 13:28:38,515 INFO     test_ai_mod.carbon_explore.explore -- **************************************************
2021-04-08 13:28:38,515 INFO     test_ai_mod.carbon_explore.explore -- *                                                *
2021-04-08 13:28:38,515 INFO     test_ai_mod.carbon_explore.explore -- *                   BRAIN                    *
2021-04-08 13:28:38,515 INFO     test_ai_mod.carbon_explore.explore -- *                                                *
2021-04-08 13:28:38,515 INFO     test_ai_mod.carbon_explore.explore -- **************************************************
2021-04-08 13:28:38,515 INFO     test_ai_mod.carbon_explore.explore -- **************************************************
2021-04-08 13:28:38,516 INFO     test_ai_mod.carbon_initialization.initialization -- Random seed: 1617908827
2021-04-08 13:28:38,517 INFO     test_ai_mod.carbon_initialization.initialization -- ````````````````````````````````````````````````````````````````````````````````
2021-04-08 13:28:38,517 INFO     test_ai_mod.carbon_initialization.initialization --                   PACKAGE: 5de8e4f0-bf1c-4291-9546-ec76f2e07854
2021-04-08 13:28:38,518 INFO     test_ai_mod.carbon_initialization.initialization -- ````````````````````````````````````````````````````````````````````````````````
2021-04-08 13:28:38,518 INFO     test_ai_mod.carbon_initialization.initialization -- platform: DESKTOP_CHROME
2021-04-08 13:28:38,518 INFO     test_ai_mod.carbon_initialization.initialization -- using crawl_directory: /Users/bot/test_ai/apps/5de8e4f0-bf1c-4291-9546-ec76f2e07854/builds/4da41add-a1aa-4210-bd3e-914d995c2c1f/crawls/20210408132838
2021-04-08 13:28:38,518 INFO     test_ai_mod.carbon_botio.bot_io -- retrieving bot IO for app: 5de8e4f0-bf1c-4291-9546-ec76f2e07854
2021-04-08 13:28:38,518 INFO     test_ai_mod.carbon_botio.bot_io -- ^^^^^^^^^^^^^^^^^^^^^^^^^^^^^^^^^^^^^^^^^^^^^^^^^^^^^^^^^^^^^^^^^^^^^^^^^^^^^^^^
2021-04-08 13:28:38,518 INFO     test_ai_mod.carbon_botio.bot_io -- botio_filepath: /Users/bot/test_ai/apps/5de8e4f0-bf1c-4291-9546-ec76f2e07854/lkg/botio.json
2021-04-08 13:28:38,519 INFO     test_ai_mod.carbon_botio.bot_io -- use_snapshot: False
2021-04-08 13:28:38,519 INFO     test_ai_mod.carbon_botio.bot_io -- no botIO found for app: 5de8e4f0-bf1c-4291-9546-ec76f2e07854
2021-04-08 13:28:38,523 INFO     test_ai_mod.carbon_utils.carbon_data -- loading models from LKG dir
2021-04-08 13:28:38,525 INFO     test_ai_mod.carbon_utils.carbon_data -- loading models from LKG dir
2021-04-08 13:28:38,527 INFO     test_ai_mod.carbon_explore.test_hooks -- Test case is None, no need for on_setup.
2021-04-08 13:28:38,529 INFO     test_ai_mod.carbon_utils.simulator_tools -- preparing clean iteration state...
2021-04-08 13:28:38,530 INFO     test_ai_mod.carbon_utils.simulator_tools -- starting appium
2021-04-08 13:28:38,530 INFO     test_ai_mod.carbon_utils.simulator_tools -- starting appium, platform: DESKTOP_CHROME
2021-04-08 13:28:38,530 INFO     test_ai_mod.carbon_utils.simulator_tools -- starting appium/webdriver for desktop chrome
2021-04-08 13:28:38,686 INFO     test_ai_mod.carbon_dao.local_carbon_dao -- Getting build info: APP_ID: 5de8e4f0-bf1c-4291-9546-ec76f2e07854, BUILD_ID: 4da41add-a1aa-4210-bd3e-914d995c2c1f
2021-04-08 13:28:38,688 INFO     werkzeug -- 127.0.0.1 - - [08/Apr/2021 13:28:38] "[37mGET /api/v1/c/testai/apps/web/5de8e4f0-bf1c-4291-9546-ec76f2e07854/tests HTTP/1.1[0m" 200 -
2021-04-08 13:28:38,690 INFO     werkzeug -- 127.0.0.1 - - [08/Apr/2021 13:28:38] "[37mGET /api/v1/config/widgets HTTP/1.1[0m" 200 -
2021-04-08 13:28:38,732 INFO     werkzeug -- 127.0.0.1 - - [08/Apr/2021 13:28:38] "[37mGET /api/v2/status HTTP/1.1[0m" 200 -
2021-04-08 13:28:38,736 INFO     werkzeug -- 127.0.0.1 - - [08/Apr/2021 13:28:38] "[37mGET /favicon.ico HTTP/1.1[0m" 200 -
2021-04-08 13:28:40,487 INFO     test_ai_mod.carbon_utils.simulator_tools -- going to http://www.blogen-inc.surge.sh/
2021-04-08 13:28:41,159 INFO     test_ai_mod.carbon_utils.simulator_tools -- completed setting url, additional time: 0.671890
2021-04-08 13:28:42,423 INFO     test_ai_mod.carbon_initialization.initialization -- starting dom stability
2021-04-08 13:28:42,423 INFO     test_ai_mod.carbon_explore.explore_utils -- saving screenshot
2021-04-08 13:28:42,996 INFO     test_ai_mod.carbon_explore.explore_utils -- scn_shot_file_path: /Users/bot/test_ai/apps/5de8e4f0-bf1c-4291-9546-ec76f2e07854/builds/4da41add-a1aa-4210-bd3e-914d995c2c1f/crawls/20210408132838/tmp/runtime_labeling_screen.png
2021-04-08 13:28:43,181 INFO     test_ai_mod.carbon_explore.explore_utils -- saving screenshot
2021-04-08 13:28:43,975 INFO     test_ai_mod.carbon_explore.explore_utils -- scn_shot_file_path: /Users/bot/test_ai/apps/5de8e4f0-bf1c-4291-9546-ec76f2e07854/builds/4da41add-a1aa-4210-bd3e-914d995c2c1f/crawls/20210408132838/tmp/runtime_labeling_screen.png
2021-04-08 13:28:44,141 INFO     test_ai_mod.carbon_explore.explore_utils -- saving screenshot
2021-04-08 13:28:44,635 INFO     test_ai_mod.carbon_explore.explore_utils -- scn_shot_file_path: /Users/bot/test_ai/apps/5de8e4f0-bf1c-4291-9546-ec76f2e07854/builds/4da41add-a1aa-4210-bd3e-914d995c2c1f/crawls/20210408132838/tmp/runtime_labeling_screen.png
2021-04-08 13:28:44,793 INFO     test_ai_mod.carbon_explore.explore_utils -- saving screenshot
2021-04-08 13:28:45,315 INFO     test_ai_mod.carbon_explore.explore_utils -- scn_shot_file_path: /Users/bot/test_ai/apps/5de8e4f0-bf1c-4291-9546-ec76f2e07854/builds/4da41add-a1aa-4210-bd3e-914d995c2c1f/crawls/20210408132838/tmp/runtime_labeling_screen.png
2021-04-08 13:28:45,473 INFO     test_ai_mod.carbon_explore.explore_utils -- saving screenshot
2021-04-08 13:28:45,991 INFO     test_ai_mod.carbon_explore.explore_utils -- scn_shot_file_path: /Users/bot/test_ai/apps/5de8e4f0-bf1c-4291-9546-ec76f2e07854/builds/4da41add-a1aa-4210-bd3e-914d995c2c1f/crawls/20210408132838/tmp/runtime_labeling_screen.png
2021-04-08 13:28:46,082 INFO     werkzeug -- 127.0.0.1 - - [08/Apr/2021 13:28:46] "[37mGET /api/v2/status HTTP/1.1[0m" 200 -
2021-04-08 13:28:46,156 INFO     test_ai_mod.carbon_explore.explore_utils -- saving screenshot
2021-04-08 13:28:46,635 INFO     test_ai_mod.carbon_explore.explore_utils -- scn_shot_file_path: /Users/bot/test_ai/apps/5de8e4f0-bf1c-4291-9546-ec76f2e07854/builds/4da41add-a1aa-4210-bd3e-914d995c2c1f/crawls/20210408132838/tmp/runtime_labeling_screen.png
2021-04-08 13:28:46,800 INFO     test_ai_mod.carbon_explore.explore_utils -- saving screenshot
2021-04-08 13:28:47,300 INFO     test_ai_mod.carbon_explore.explore_utils -- scn_shot_file_path: /Users/bot/test_ai/apps/5de8e4f0-bf1c-4291-9546-ec76f2e07854/builds/4da41add-a1aa-4210-bd3e-914d995c2c1f/crawls/20210408132838/tmp/runtime_labeling_screen.png
2021-04-08 13:28:47,356 INFO     test_ai_mod.carbon_actions.carbon_actions -- Seen the same screen the max amount (5)
2021-04-08 13:28:47,357 INFO     test_ai_mod.carbon_actions.carbon_actions -- sources aren't equal, clearing
2021-04-08 13:28:47,357 INFO     test_ai_mod.carbon_initialization.initialization -- current package sent in as: 5de8e4f0-bf1c-4291-9546-ec76f2e07854
2021-04-08 13:28:47,357 INFO     test_ai_mod.carbon_initialization.initialization -- ended dom stability
2021-04-08 13:28:47,362 INFO     test_ai_mod.carbon_explore.explore -- package is set to: 5de8e4f0-bf1c-4291-9546-ec76f2e07854
2021-04-08 13:28:47,362 INFO     test_ai_mod.carbon_explore.explore -- ********************************************************************************
2021-04-08 13:28:47,363 INFO     test_ai_mod.carbon_explore.explore -- * TIMEOUT: None
2021-04-08 13:28:47,363 INFO     test_ai_mod.carbon_explore.explore -- * disable_bounceback: False
2021-04-08 13:28:47,363 INFO     test_ai_mod.carbon_explore.explore -- ********************************************************************************
2021-04-08 13:28:47,363 INFO     test_ai_mod.carbon_explore.explore -- getting walk queue
2021-04-08 13:28:47,364 INFO     test_ai_mod.carbon_explore.explore_utils -- getting screen_elems
2021-04-08 13:28:47,508 INFO     test_ai_mod.carbon_utils.scrape_utils -- Successfully collected web scrape.
2021-04-08 13:28:47,510 INFO     test_ai_mod.carbon_explore.explore_utils -- filtering elems - 58
2021-04-08 13:28:47,529 INFO     test_ai_mod.carbon_explore.explore_utils -- saving info - 47
2021-04-08 13:28:47,530 INFO     test_ai_mod.carbon_explore.explore_utils -- saving core elems iter: 0, step 0, save_dir: /Users/bot/test_ai/apps/5de8e4f0-bf1c-4291-9546-ec76f2e07854/builds/4da41add-a1aa-4210-bd3e-914d995c2c1f/crawls/20210408132838
2021-04-08 13:28:47,548 INFO     test_ai_mod.carbon_explore.explore -- got all screen info saved
2021-04-08 13:28:47,548 INFO     test_ai_mod.carbon_explore.explore_utils -- saving core elems iter: 0, step 0, save_dir: /Users/bot/test_ai/apps/5de8e4f0-bf1c-4291-9546-ec76f2e07854/builds/4da41add-a1aa-4210-bd3e-914d995c2c1f/crawls/20210408132838
2021-04-08 13:28:47,585 INFO     test_ai_mod.carbon_explore.result_storage -- LOG FILE PATH: /Users/bot/test_ai/apps/5de8e4f0-bf1c-4291-9546-ec76f2e07854/builds/4da41add-a1aa-4210-bd3e-914d995c2c1f/crawls/20210408132838/iter_00000_step_00000_logs.txt
2021-04-08 13:28:47,585 INFO     test_ai_mod.carbon_explore.result_storage -- ALL LOGS FILE PATH: /Users/bot/test_ai/apps/5de8e4f0-bf1c-4291-9546-ec76f2e07854/builds/4da41add-a1aa-4210-bd3e-914d995c2c1f/crawls/20210408132838/iter_00000_step_-0001_logs.txt
2021-04-08 13:28:47,604 INFO     test_ai_mod.carbon_explore.interactive -- Interactive explore -- start_interactive_loop starting.
2021-04-08 13:28:47,621 INFO     test_ai_mod.carbon_explore.interactive -- Interactive explore -- running initial auto label
2021-04-08 13:28:47,621 INFO     test_ai_mod.carbon_tasks.process_crawl_task -- processing crawl: 20210408132838 (app: 5de8e4f0-bf1c-4291-9546-ec76f2e07854, build: 4da41add-a1aa-4210-bd3e-914d995c2c1f)
2021-04-08 13:28:47,621 INFO     test_ai_mod.carbon_tasks.process_crawl_task -- processing screens for crawl
2021-04-08 13:28:47,731 INFO     test_ai_mod.carbon_tasks.process_crawl_task -- writing unique screens file
2021-04-08 13:28:47,732 INFO     test_ai_mod.carbon_tasks.process_crawl_task -- writing screen hash map
2021-04-08 13:28:47,738 INFO     test_ai_mod.carbon_tasks.process_crawl_task -- writing screen similarity file
2021-04-08 13:28:47,739 INFO     test_ai_mod.carbon_tasks.process_crawl_task -- processing elements for crawl
2021-04-08 13:28:47,755 INFO     test_ai_mod.carbon_tasks.process_crawl_task -- processing: iter_00000_step_00000_info.json
2021-04-08 13:28:48,086 INFO     test_ai_mod.carbon_tasks.process_crawl_task -- Writing unique tags file.
2021-04-08 13:28:48,086 INFO     test_ai_mod.carbon_tasks.process_crawl_task -- writing unique elems file
2021-04-08 13:28:48,088 INFO     test_ai_mod.carbon_tasks.process_crawl_task -- writing elem hash map
2021-04-08 13:28:48,105 INFO     test_ai_mod.carbon_tasks.process_crawl_task -- writing elem similarity file
2021-04-08 13:28:48,107 INFO     test_ai_mod.carbon_tasks.process_crawl_task -- generating labeler objects file for crawl (v0)
2021-04-08 13:28:48,125 INFO     test_ai_mod.carbon_tasks.process_crawl_task -- reconciling screens labeled at runtime
2021-04-08 13:28:48,125 INFO     test_ai_mod.carbon_tasks.process_crawl_task -- reconciling elements labeled at runtime
2021-04-08 13:28:48,133 INFO     test_ai_mod.carbon_tasks.generate_auto_labels_task -- generating auto labels for crawl: 20210408132838, app_id: 5de8e4f0-bf1c-4291-9546-ec76f2e07854, build_id: 4da41add-a1aa-4210-bd3e-914d995c2c1f
2021-04-08 13:28:48,134 INFO     test_ai_mod.carbon_dao.local_carbon_dao -- Getting build info: APP_ID: 5de8e4f0-bf1c-4291-9546-ec76f2e07854, BUILD_ID: 4da41add-a1aa-4210-bd3e-914d995c2c1f
2021-04-08 13:28:48,137 INFO     test_ai_mod.carbon_dao.local_carbon_dao -- Getting build info: APP_ID: 5de8e4f0-bf1c-4291-9546-ec76f2e07854, BUILD_ID: 4da41add-a1aa-4210-bd3e-914d995c2c1f
2021-04-08 13:28:48,138 INFO     test_ai_mod.carbon_dao.local_carbon_dao -- Getting build info: APP_ID: 5de8e4f0-bf1c-4291-9546-ec76f2e07854, BUILD_ID: 4da41add-a1aa-4210-bd3e-914d995c2c1f
2021-04-08 13:28:48,139 INFO     test_ai_mod.carbon_dao.local_carbon_dao -- Getting build info: APP_ID: 5de8e4f0-bf1c-4291-9546-ec76f2e07854, BUILD_ID: 4da41add-a1aa-4210-bd3e-914d995c2c1f
2021-04-08 13:28:48,141 INFO     test_ai_mod.carbon_dao.local_carbon_dao -- Getting build info: APP_ID: 5de8e4f0-bf1c-4291-9546-ec76f2e07854, BUILD_ID: 4da41add-a1aa-4210-bd3e-914d995c2c1f
2021-04-08 13:28:48,208 INFO     test_ai_mod.carbon_tasks.generate_auto_labels_task -- writing merged, suggested labels to file: /Users/bot/test_ai/apps/5de8e4f0-bf1c-4291-9546-ec76f2e07854/builds/4da41add-a1aa-4210-bd3e-914d995c2c1f/crawls/20210407194432/labels/suggested_labels.json
2021-04-08 13:28:48,222 INFO     test_ai_mod.carbon_tasks.generate_auto_labels_task -- writing merged, suggested labels to file: /Users/bot/test_ai/apps/5de8e4f0-bf1c-4291-9546-ec76f2e07854/builds/4da41add-a1aa-4210-bd3e-914d995c2c1f/crawls/20210407191653/labels/suggested_labels.json
2021-04-08 13:28:48,223 INFO     test_ai_mod.carbon_tasks.generate_auto_labels_task -- writing merged, suggested labels to file: /Users/bot/test_ai/apps/5de8e4f0-bf1c-4291-9546-ec76f2e07854/builds/4da41add-a1aa-4210-bd3e-914d995c2c1f/crawls/20210408132838/labels/suggested_labels.json
2021-04-08 13:28:48,223 INFO     test_ai_mod.carbon_tasks.generate_auto_labels_task -- writing merged, suggested labels to file: /Users/bot/test_ai/apps/5de8e4f0-bf1c-4291-9546-ec76f2e07854/builds/4da41add-a1aa-4210-bd3e-914d995c2c1f/crawls/20210407200152/labels/suggested_labels.json
2021-04-08 13:28:48,232 INFO     test_ai_mod.carbon_tasks.generate_auto_labels_task -- writing applied hashes to labels to file: /Users/bot/test_ai/apps/5de8e4f0-bf1c-4291-9546-ec76f2e07854/lkg/hashes_to_labels.json
2021-04-08 13:28:48,233 INFO     test_ai_mod.carbon_tasks.generate_auto_labels_task -- writing applied human readable to labels to file: /Users/bot/test_ai/apps/5de8e4f0-bf1c-4291-9546-ec76f2e07854/lkg/human_readable_to_labels.json
2021-04-08 13:28:48,235 INFO     test_ai_mod.carbon_tasks.generate_auto_labels_task -- writing label to hash dicts to file: /Users/bot/test_ai/apps/5de8e4f0-bf1c-4291-9546-ec76f2e07854/lkg/label_to_hash_dicts.json
2021-04-08 13:28:48,236 INFO     test_ai_mod.carbon_tasks.generate_auto_labels_task -- writing human readable to paths to file: /Users/bot/test_ai/apps/5de8e4f0-bf1c-4291-9546-ec76f2e07854/lkg/human_readable_to_paths.json
2021-04-08 13:28:48,238 INFO     test_ai_mod.carbon_classifiers.label_classifier_pipe -- Begin loading configured modules
2021-04-08 13:28:48,238 INFO     test_ai_mod.carbon_classifiers.carbon_classifier_v1.screen_classifier -- Loading ScreenClassifier
2021-04-08 13:28:48,238 INFO     test_ai_mod.carbon_classifiers.template_matching.app_specific_template_matcher -- Loading AppSpecificTemplateMatcher
2021-04-08 13:28:48,238 INFO     test_ai_mod.carbon_classifiers.perceptual.nn_classifier -- Loading NNClassifier
2021-04-08 13:28:48,238 INFO     test_ai_mod.carbon_classifiers.template_matching.template_matching_classifier -- Loading TemplateMatchingClassifier
2021-04-08 13:28:48,239 WARNING  test_ai_mod.carbon_classifiers.template_matching.template_matching_classifier -- No template director exists at /Users/bot/test_ai/templates
2021-04-08 13:28:48,239 INFO     test_ai_mod.carbon_classifiers.http_classifier.http_classifier -- Loaded Http Classifier for ""
2021-04-08 13:28:48,239 INFO     test_ai_mod.carbon_tasks.generate_auto_labels_task -- classifying 1 unique screens
2021-04-08 13:28:48,239 INFO     test_ai_mod.carbon_utils.carbon_data -- loading models from LKG dir
2021-04-08 13:28:48,240 INFO     test_ai_mod.carbon_utils.carbon_data -- loading models from LKG dir
2021-04-08 13:28:48,243 INFO     test_ai_mod.carbon_classifiers.label_classifier_pipe -- Begin labeling elements
2021-04-08 13:28:48,264 INFO     test_ai_mod.carbon_classifiers.template_matching.app_specific_template_matcher -- Classifying screen with AppSpecificTemplateMatcher
2021-04-08 13:28:48,265 INFO     test_ai_mod.carbon_classifiers.perceptual.nn_classifier -- Classifying screen with NNClassifier
2021-04-08 13:28:48,312 INFO     test_ai_mod.carbon_classifiers.label_classifier_pipe -- End labeling elements: Time taken 0.0691680908203 seconds
2021-04-08 13:28:48,313 INFO     test_ai_mod.carbon_tasks.generate_auto_labels_task -- classifying 47 unique elems
2021-04-08 13:28:48,321 INFO     test_ai_mod.carbon_utils.carbon_data -- loading models from LKG dir
2021-04-08 13:28:48,322 INFO     test_ai_mod.carbon_utils.carbon_data -- loading models from LKG dir
2021-04-08 13:28:48,322 INFO     test_ai_mod.carbon_classifiers.label_classifier_pipe -- Begin labeling elements
2021-04-08 13:28:48,342 INFO     test_ai_mod.carbon_classifiers.template_matching.app_specific_template_matcher -- Classifying screen with AppSpecificTemplateMatcher
2021-04-08 13:28:48,342 INFO     test_ai_mod.carbon_classifiers.perceptual.nn_classifier -- Classifying screen with NNClassifier
2021-04-08 13:28:48,467 INFO     test_ai_mod.carbon_classifiers.perceptual.nn_classifier -- elem classified: mnu_logout, score: 1.0
2021-04-08 13:28:48,468 INFO     test_ai_mod.carbon_classifiers.perceptual.nn_classifier -- elem classified: mnu_input_param, score: 1.0
2021-04-08 13:28:48,472 INFO     test_ai_mod.carbon_classifiers.perceptual.nn_classifier -- elem classified: mnu_verify, score: 1.0
2021-04-08 13:28:48,473 INFO     test_ai_mod.carbon_classifiers.perceptual.nn_classifier -- elem classified: btn_template_matched, score: 1.0
2021-04-08 13:28:48,474 INFO     test_ai_mod.carbon_classifiers.perceptual.nn_classifier -- elem classified: mnu_find_element, score: 1.0
2021-04-08 13:28:48,476 INFO     test_ai_mod.carbon_classifiers.perceptual.nn_classifier -- elem classified: mnu_wait, score: 1.0
2021-04-08 13:28:48,479 INFO     test_ai_mod.carbon_classifiers.perceptual.nn_classifier -- elem classified: mnu_home, score: 1.0
2021-04-08 13:28:48,480 INFO     test_ai_mod.carbon_classifiers.perceptual.nn_classifier -- elem classified: mnu_profile, score: 1.0
2021-04-08 13:28:48,482 INFO     test_ai_mod.carbon_classifiers.perceptual.nn_classifier -- elem classified: mnu_basic_gestures, score: 1.0
2021-04-08 13:28:48,484 INFO     test_ai_mod.carbon_classifiers.perceptual.nn_classifier -- elem classified: btn_wait_for_label, score: 1.0
2021-04-08 13:28:48,485 INFO     test_ai_mod.carbon_classifiers.perceptual.nn_classifier -- elem classified: mnu_tap_param, score: 1.0
2021-04-08 13:28:48,485 INFO     test_ai_mod.carbon_classifiers.perceptual.nn_classifier -- elem classified: btn_open_slow_modal, score: 1.0
2021-04-08 13:28:48,501 INFO     test_ai_mod.carbon_classifiers.label_classifier_pipe -- End labeling elements: Time taken 0.179112911224 seconds
2021-04-08 13:28:48,505 INFO     test_ai_mod.carbon_tasks.generate_auto_labels_task -- writing merged, suggested labels to file: /Users/bot/test_ai/apps/5de8e4f0-bf1c-4291-9546-ec76f2e07854/builds/4da41add-a1aa-4210-bd3e-914d995c2c1f/crawls/20210408132838/labels/suggested_labels.json
2021-04-08 13:28:48,513 INFO     test_ai_mod.carbon_explore.interactive -- 


[32;1mCarbon Interactive Crawling Session Starting...
Please make sure you are running the test.ai GUI (./test.ai -d).
Once the GUI is running, please visit [34mhttp://localhost:5000[32;1m.
To access the interactive session, select the correct app, and click on "Live Labeling".

[0m
2021-04-08 13:29:01,605 INFO     test_ai_mod.carbon_explore.interactive -- Interactive explore -- status -- start
2021-04-08 13:29:01,606 INFO     test_ai_mod.carbon_explore.interactive -- Interactive explore -- status -- end
2021-04-08 13:29:01,735 INFO     test_ai_mod.carbon_dao.local_carbon_dao -- Getting build info: APP_ID: 5de8e4f0-bf1c-4291-9546-ec76f2e07854, BUILD_ID: 4da41add-a1aa-4210-bd3e-914d995c2c1f
2021-04-08 13:29:01,745 INFO     test_ai_mod.carbon_explore.interactive -- Interactive explore -- get_crawls(web, 5de8e4f0-bf1c-4291-9546-ec76f2e07854) -- start
2021-04-08 13:29:01,746 INFO     test_ai_mod.carbon_explore.interactive -- Interactive explore -- get_crawls(web, 5de8e4f0-bf1c-4291-9546-ec76f2e07854) -- end
2021-04-08 13:29:01,904 INFO     test_ai_mod.carbon_explore.interactive -- Interactive explore -- get_labeler_objects -- start
2021-04-08 13:29:01,904 INFO     test_ai_mod.carbon_explore.interactive -- Interactive explore -- Processing crawl interactively 20210408132838
2021-04-08 13:29:01,904 INFO     test_ai_mod.carbon_tasks.process_crawl_task -- processing crawl: 20210408132838 (app: 5de8e4f0-bf1c-4291-9546-ec76f2e07854, build: 4da41add-a1aa-4210-bd3e-914d995c2c1f)
2021-04-08 13:29:01,904 INFO     test_ai_mod.carbon_tasks.process_crawl_task -- processing screens for crawl
2021-04-08 13:29:01,964 INFO     test_ai_mod.carbon_tasks.process_crawl_task -- writing unique screens file
2021-04-08 13:29:01,965 INFO     test_ai_mod.carbon_tasks.process_crawl_task -- writing screen hash map
2021-04-08 13:29:01,969 INFO     test_ai_mod.carbon_tasks.process_crawl_task -- writing screen similarity file
2021-04-08 13:29:01,970 INFO     test_ai_mod.carbon_tasks.process_crawl_task -- processing elements for crawl
2021-04-08 13:29:01,973 INFO     test_ai_mod.carbon_tasks.process_crawl_task -- skipping already processed: iter_00000_step_00000_info.json
2021-04-08 13:29:02,093 INFO     test_ai_mod.carbon_tasks.process_crawl_task -- Writing unique tags file.
2021-04-08 13:29:02,093 INFO     test_ai_mod.carbon_tasks.process_crawl_task -- writing unique elems file
2021-04-08 13:29:02,094 INFO     test_ai_mod.carbon_tasks.process_crawl_task -- writing elem hash map
2021-04-08 13:29:02,105 INFO     test_ai_mod.carbon_tasks.process_crawl_task -- writing elem similarity file
2021-04-08 13:29:02,106 INFO     test_ai_mod.carbon_tasks.process_crawl_task -- generating labeler objects file for crawl (v0)
2021-04-08 13:29:02,119 INFO     test_ai_mod.carbon_tasks.process_crawl_task -- reconciling screens labeled at runtime
2021-04-08 13:29:02,120 INFO     test_ai_mod.carbon_tasks.process_crawl_task -- reconciling elements labeled at runtime
2021-04-08 13:29:02,126 INFO     test_ai_mod.carbon_explore.interactive -- Interactive explore -- Generating labels using hash information 20210408132838
2021-04-08 13:29:02,133 INFO     test_ai_mod.carbon_explore.interactive -- Interactive explore -- get_labeler_objects -- end
2021-04-08 13:29:02,218 INFO     test_ai_mod.carbon_dao.local_carbon_dao -- Getting build info: APP_ID: 5de8e4f0-bf1c-4291-9546-ec76f2e07854, BUILD_ID: 4da41add-a1aa-4210-bd3e-914d995c2c1f
2021-04-08 13:29:02,266 INFO     test_ai_mod.carbon_dao.local_carbon_dao -- Getting build info: APP_ID: 5de8e4f0-bf1c-4291-9546-ec76f2e07854, BUILD_ID: 4da41add-a1aa-4210-bd3e-914d995c2c1f
2021-04-08 13:29:02,388 INFO     test_ai_mod.carbon_dao.local_carbon_dao -- Getting build info: APP_ID: 5de8e4f0-bf1c-4291-9546-ec76f2e07854, BUILD_ID: 4da41add-a1aa-4210-bd3e-914d995c2c1f
2021-04-08 13:29:16,011 INFO     test_ai_mod.carbon_explore.interactive -- Interactive explore -- status -- start
2021-04-08 13:29:16,012 INFO     test_ai_mod.carbon_explore.interactive -- Interactive explore -- status -- end
2021-04-08 13:29:30,971 INFO     test_ai_mod.carbon_explore.interactive -- Interactive explore -- status -- start
2021-04-08 13:29:30,971 INFO     test_ai_mod.carbon_explore.interactive -- Interactive explore -- status -- end
2021-04-08 13:29:45,972 INFO     test_ai_mod.carbon_explore.interactive -- Interactive explore -- status -- start
2021-04-08 13:29:45,972 INFO     test_ai_mod.carbon_explore.interactive -- Interactive explore -- status -- end
2021-04-08 13:30:04,215 INFO     test_ai_mod.carbon_explore.interactive -- Interactive explore -- status -- start
2021-04-08 13:30:04,215 INFO     test_ai_mod.carbon_explore.interactive -- Interactive explore -- status -- end
2021-04-08 13:30:19,016 INFO     test_ai_mod.carbon_explore.interactive -- Interactive explore -- status -- start
2021-04-08 13:30:19,017 INFO     test_ai_mod.carbon_explore.interactive -- Interactive explore -- status -- end
2021-04-08 13:30:31,509 INFO     test_ai_mod.carbon_explore.interactive -- Interactive explore -- status -- start
2021-04-08 13:30:31,510 INFO     test_ai_mod.carbon_explore.interactive -- Interactive explore -- status -- end
2021-04-08 13:30:45,497 INFO     test_ai_mod.carbon_explore.interactive -- Interactive explore -- status -- start
2021-04-08 13:30:45,497 INFO     test_ai_mod.carbon_explore.interactive -- Interactive explore -- status -- end
2021-04-08 13:30:45,618 INFO     test_ai_mod.labeler.v1.crawls -- elem image requested, crawl: 20210408132838, filename: iter_00000_step_00000_27_button.png
2021-04-08 13:30:45,621 INFO     test_ai_mod.labeler.v1.crawls -- elem image requested, crawl: 20210408132838, filename: iter_00000_step_00000_46_a.png
2021-04-08 13:30:45,627 INFO     test_ai_mod.carbon_dao.local_carbon_dao -- Getting build info: APP_ID: 5de8e4f0-bf1c-4291-9546-ec76f2e07854, BUILD_ID: 4da41add-a1aa-4210-bd3e-914d995c2c1f
2021-04-08 13:30:45,628 INFO     test_ai_mod.labeler.v1.crawls -- resolved to: /Users/bot/test_ai/apps/5de8e4f0-bf1c-4291-9546-ec76f2e07854/builds/4da41add-a1aa-4210-bd3e-914d995c2c1f/crawls/20210408132838/elems/iter_00000_step_00000_46_a.png
2021-04-08 13:30:45,626 INFO     test_ai_mod.carbon_dao.local_carbon_dao -- Getting build info: APP_ID: 5de8e4f0-bf1c-4291-9546-ec76f2e07854, BUILD_ID: 4da41add-a1aa-4210-bd3e-914d995c2c1f
2021-04-08 13:30:45,625 INFO     test_ai_mod.labeler.v1.crawls -- elem image requested, crawl: 20210408132838, filename: iter_00000_step_00000_39_button.png
2021-04-08 13:30:45,633 INFO     test_ai_mod.labeler.v1.crawls -- elem image requested, crawl: 20210408132838, filename: iter_00000_step_00000_14_a.png
2021-04-08 13:30:45,638 INFO     test_ai_mod.carbon_dao.local_carbon_dao -- Getting build info: APP_ID: 5de8e4f0-bf1c-4291-9546-ec76f2e07854, BUILD_ID: 4da41add-a1aa-4210-bd3e-914d995c2c1f
2021-04-08 13:30:45,640 INFO     test_ai_mod.labeler.v1.crawls -- resolved to: /Users/bot/test_ai/apps/5de8e4f0-bf1c-4291-9546-ec76f2e07854/builds/4da41add-a1aa-4210-bd3e-914d995c2c1f/crawls/20210408132838/elems/iter_00000_step_00000_39_button.png
2021-04-08 13:30:45,640 INFO     test_ai_mod.labeler.v1.crawls -- resolved to: /Users/bot/test_ai/apps/5de8e4f0-bf1c-4291-9546-ec76f2e07854/builds/4da41add-a1aa-4210-bd3e-914d995c2c1f/crawls/20210408132838/elems/iter_00000_step_00000_27_button.png
2021-04-08 13:30:45,645 INFO     test_ai_mod.labeler.v1.crawls -- elem image requested, crawl: 20210408132838, filename: iter_00000_step_00000_25_button.png
2021-04-08 13:30:45,658 INFO     test_ai_mod.carbon_dao.local_carbon_dao -- Getting build info: APP_ID: 5de8e4f0-bf1c-4291-9546-ec76f2e07854, BUILD_ID: 4da41add-a1aa-4210-bd3e-914d995c2c1f
2021-04-08 13:30:45,660 INFO     test_ai_mod.labeler.v1.crawls -- resolved to: /Users/bot/test_ai/apps/5de8e4f0-bf1c-4291-9546-ec76f2e07854/builds/4da41add-a1aa-4210-bd3e-914d995c2c1f/crawls/20210408132838/elems/iter_00000_step_00000_25_button.png
2021-04-08 13:30:45,647 INFO     test_ai_mod.carbon_dao.local_carbon_dao -- Getting build info: APP_ID: 5de8e4f0-bf1c-4291-9546-ec76f2e07854, BUILD_ID: 4da41add-a1aa-4210-bd3e-914d995c2c1f
2021-04-08 13:30:45,656 INFO     test_ai_mod.labeler.v1.crawls -- elem image requested, crawl: 20210408132838, filename: iter_00000_step_00000_20_a.png
2021-04-08 13:30:45,673 INFO     test_ai_mod.labeler.v1.crawls -- elem image requested, crawl: 20210408132838, filename: iter_00000_step_00000_7_a.png
2021-04-08 13:30:45,673 INFO     test_ai_mod.labeler.v1.crawls -- elem image requested, crawl: 20210408132838, filename: iter_00000_step_00000_44_a.png
2021-04-08 13:30:45,675 INFO     test_ai_mod.labeler.v1.crawls -- elem image requested, crawl: 20210408132838, filename: iter_00000_step_00000_22_a.png
2021-04-08 13:30:45,675 INFO     test_ai_mod.labeler.v1.crawls -- resolved to: /Users/bot/test_ai/apps/5de8e4f0-bf1c-4291-9546-ec76f2e07854/builds/4da41add-a1aa-4210-bd3e-914d995c2c1f/crawls/20210408132838/elems/iter_00000_step_00000_14_a.png
2021-04-08 13:30:45,679 INFO     test_ai_mod.carbon_dao.local_carbon_dao -- Getting build info: APP_ID: 5de8e4f0-bf1c-4291-9546-ec76f2e07854, BUILD_ID: 4da41add-a1aa-4210-bd3e-914d995c2c1f
2021-04-08 13:30:45,679 INFO     test_ai_mod.carbon_dao.local_carbon_dao -- Getting build info: APP_ID: 5de8e4f0-bf1c-4291-9546-ec76f2e07854, BUILD_ID: 4da41add-a1aa-4210-bd3e-914d995c2c1f
2021-04-08 13:30:45,684 INFO     test_ai_mod.carbon_dao.local_carbon_dao -- Getting build info: APP_ID: 5de8e4f0-bf1c-4291-9546-ec76f2e07854, BUILD_ID: 4da41add-a1aa-4210-bd3e-914d995c2c1f
2021-04-08 13:30:45,687 INFO     test_ai_mod.carbon_dao.local_carbon_dao -- Getting build info: APP_ID: 5de8e4f0-bf1c-4291-9546-ec76f2e07854, BUILD_ID: 4da41add-a1aa-4210-bd3e-914d995c2c1f
2021-04-08 13:30:45,690 INFO     test_ai_mod.labeler.v1.crawls -- elem image requested, crawl: 20210408132838, filename: iter_00000_step_00000_45_a.png
2021-04-08 13:30:45,691 INFO     test_ai_mod.labeler.v1.crawls -- resolved to: /Users/bot/test_ai/apps/5de8e4f0-bf1c-4291-9546-ec76f2e07854/builds/4da41add-a1aa-4210-bd3e-914d995c2c1f/crawls/20210408132838/elems/iter_00000_step_00000_44_a.png
2021-04-08 13:30:45,693 INFO     test_ai_mod.labeler.v1.crawls -- resolved to: /Users/bot/test_ai/apps/5de8e4f0-bf1c-4291-9546-ec76f2e07854/builds/4da41add-a1aa-4210-bd3e-914d995c2c1f/crawls/20210408132838/elems/iter_00000_step_00000_20_a.png
2021-04-08 13:30:45,698 INFO     test_ai_mod.labeler.v1.crawls -- resolved to: /Users/bot/test_ai/apps/5de8e4f0-bf1c-4291-9546-ec76f2e07854/builds/4da41add-a1aa-4210-bd3e-914d995c2c1f/crawls/20210408132838/elems/iter_00000_step_00000_22_a.png
2021-04-08 13:30:45,700 INFO     test_ai_mod.labeler.v1.crawls -- resolved to: /Users/bot/test_ai/apps/5de8e4f0-bf1c-4291-9546-ec76f2e07854/builds/4da41add-a1aa-4210-bd3e-914d995c2c1f/crawls/20210408132838/elems/iter_00000_step_00000_7_a.png
2021-04-08 13:30:45,704 INFO     test_ai_mod.labeler.v1.crawls -- elem image requested, crawl: 20210408132838, filename: iter_00000_step_00000_19_a.png
2021-04-08 13:30:45,711 INFO     test_ai_mod.carbon_dao.local_carbon_dao -- Getting build info: APP_ID: 5de8e4f0-bf1c-4291-9546-ec76f2e07854, BUILD_ID: 4da41add-a1aa-4210-bd3e-914d995c2c1f
2021-04-08 13:30:45,713 INFO     test_ai_mod.labeler.v1.crawls -- resolved to: /Users/bot/test_ai/apps/5de8e4f0-bf1c-4291-9546-ec76f2e07854/builds/4da41add-a1aa-4210-bd3e-914d995c2c1f/crawls/20210408132838/elems/iter_00000_step_00000_45_a.png
2021-04-08 13:30:45,718 INFO     test_ai_mod.carbon_dao.local_carbon_dao -- Getting build info: APP_ID: 5de8e4f0-bf1c-4291-9546-ec76f2e07854, BUILD_ID: 4da41add-a1aa-4210-bd3e-914d995c2c1f
2021-04-08 13:30:45,723 INFO     test_ai_mod.labeler.v1.crawls -- resolved to: /Users/bot/test_ai/apps/5de8e4f0-bf1c-4291-9546-ec76f2e07854/builds/4da41add-a1aa-4210-bd3e-914d995c2c1f/crawls/20210408132838/elems/iter_00000_step_00000_19_a.png
2021-04-08 13:30:45,739 INFO     test_ai_mod.labeler.v1.crawls -- elem image requested, crawl: 20210408132838, filename: iter_00000_step_00000_15_a.png
2021-04-08 13:30:45,740 INFO     test_ai_mod.carbon_dao.local_carbon_dao -- Getting build info: APP_ID: 5de8e4f0-bf1c-4291-9546-ec76f2e07854, BUILD_ID: 4da41add-a1aa-4210-bd3e-914d995c2c1f
2021-04-08 13:30:45,741 INFO     test_ai_mod.labeler.v1.crawls -- resolved to: /Users/bot/test_ai/apps/5de8e4f0-bf1c-4291-9546-ec76f2e07854/builds/4da41add-a1aa-4210-bd3e-914d995c2c1f/crawls/20210408132838/elems/iter_00000_step_00000_15_a.png
2021-04-08 13:31:01,318 INFO     test_ai_mod.carbon_explore.interactive -- Interactive explore -- status -- start
2021-04-08 13:31:01,318 INFO     test_ai_mod.carbon_explore.interactive -- Interactive explore -- status -- end
2021-04-08 13:31:19,011 INFO     test_ai_mod.carbon_explore.interactive -- Interactive explore -- status -- start
2021-04-08 13:31:19,011 INFO     test_ai_mod.carbon_explore.interactive -- Interactive explore -- status -- end
2021-04-08 13:31:31,541 INFO     test_ai_mod.carbon_explore.interactive -- Interactive explore -- status -- start
2021-04-08 13:31:31,541 INFO     test_ai_mod.carbon_explore.interactive -- Interactive explore -- status -- end
2021-04-08 13:31:49,820 INFO     test_ai_mod.carbon_explore.interactive -- Interactive explore -- status -- start
2021-04-08 13:31:49,820 INFO     test_ai_mod.carbon_explore.interactive -- Interactive explore -- status -- end
2021-04-08 13:32:00,976 INFO     test_ai_mod.carbon_explore.interactive -- Interactive explore -- status -- start
2021-04-08 13:32:00,976 INFO     test_ai_mod.carbon_explore.interactive -- Interactive explore -- status -- end
2021-04-08 13:32:15,977 INFO     test_ai_mod.carbon_explore.interactive -- Interactive explore -- status -- start
2021-04-08 13:32:15,977 INFO     test_ai_mod.carbon_explore.interactive -- Interactive explore -- status -- end
2021-04-08 13:32:31,037 INFO     test_ai_mod.carbon_explore.interactive -- Interactive explore -- status -- start
2021-04-08 13:32:31,037 INFO     test_ai_mod.carbon_explore.interactive -- Interactive explore -- status -- end
2021-04-08 13:32:49,831 INFO     test_ai_mod.carbon_explore.interactive -- Interactive explore -- status -- start
2021-04-08 13:32:49,831 INFO     test_ai_mod.carbon_explore.interactive -- Interactive explore -- status -- end
2021-04-08 13:33:05,402 INFO     test_ai_mod.carbon_explore.interactive -- Interactive explore -- status -- start
2021-04-08 13:33:05,403 INFO     test_ai_mod.carbon_explore.interactive -- Interactive explore -- status -- end
2021-04-08 13:33:19,022 INFO     test_ai_mod.carbon_explore.interactive -- Interactive explore -- status -- start
2021-04-08 13:33:19,022 INFO     test_ai_mod.carbon_explore.interactive -- Interactive explore -- status -- end
2021-04-08 13:33:31,518 INFO     test_ai_mod.carbon_explore.interactive -- Interactive explore -- status -- start
2021-04-08 13:33:31,518 INFO     test_ai_mod.carbon_explore.interactive -- Interactive explore -- status -- end
2021-04-08 13:33:48,718 INFO     test_ai_mod.carbon_explore.interactive -- Interactive explore -- status -- start
2021-04-08 13:33:48,718 INFO     test_ai_mod.carbon_explore.interactive -- Interactive explore -- status -- end
2021-04-08 13:34:00,979 INFO     test_ai_mod.carbon_explore.interactive -- Interactive explore -- status -- start
2021-04-08 13:34:00,980 INFO     test_ai_mod.carbon_explore.interactive -- Interactive explore -- status -- end
2021-04-08 13:34:19,043 INFO     test_ai_mod.carbon_explore.interactive -- Interactive explore -- status -- start
2021-04-08 13:34:19,044 INFO     test_ai_mod.carbon_explore.interactive -- Interactive explore -- status -- end
2021-04-08 13:34:31,118 INFO     test_ai_mod.carbon_explore.interactive -- Interactive explore -- status -- start
2021-04-08 13:34:31,118 INFO     test_ai_mod.carbon_explore.interactive -- Interactive explore -- status -- end
2021-04-08 13:34:39,601 INFO     test_ai_mod.labeler.v1.crawls -- elem image requested, crawl: 20210408132838, filename: iter_00000_step_00000_screenshot.png
2021-04-08 13:34:39,602 INFO     test_ai_mod.carbon_dao.local_carbon_dao -- Getting build info: APP_ID: 5de8e4f0-bf1c-4291-9546-ec76f2e07854, BUILD_ID: 4da41add-a1aa-4210-bd3e-914d995c2c1f
2021-04-08 13:34:39,602 INFO     test_ai_mod.labeler.v1.crawls -- resolved to: /Users/bot/test_ai/apps/5de8e4f0-bf1c-4291-9546-ec76f2e07854/builds/4da41add-a1aa-4210-bd3e-914d995c2c1f/crawls/20210408132838/screens/iter_00000_step_00000_screenshot.png
2021-04-08 13:34:45,330 INFO     test_ai_mod.carbon_explore.interactive -- Interactive explore -- status -- start
2021-04-08 13:34:45,330 INFO     test_ai_mod.carbon_explore.interactive -- Interactive explore -- status -- end
2021-04-08 13:35:00,328 INFO     test_ai_mod.carbon_explore.interactive -- Interactive explore -- status -- start
2021-04-08 13:35:00,328 INFO     test_ai_mod.carbon_explore.interactive -- Interactive explore -- status -- end
2021-04-08 13:35:11,189 INFO     test_ai_mod.carbon_dao.local_carbon_dao -- Getting build info: APP_ID: 5de8e4f0-bf1c-4291-9546-ec76f2e07854, BUILD_ID: 4da41add-a1aa-4210-bd3e-914d995c2c1f
2021-04-08 13:35:11,191 INFO     test_ai_mod.labeler.v1.crawls -- labels_info:{u'screens': {}, u'elems': {u'iter_00000_step_00000_39_button.png': [u'btn_open_slow_modal']}}
2021-04-08 13:35:11,192 INFO     test_ai_mod.carbon_dao.local_carbon_dao -- Getting build info: APP_ID: 5de8e4f0-bf1c-4291-9546-ec76f2e07854, BUILD_ID: 4da41add-a1aa-4210-bd3e-914d995c2c1f
2021-04-08 13:35:11,226 INFO     test_ai_mod.carbon_dao.local_carbon_dao -- Getting build info: APP_ID: 5de8e4f0-bf1c-4291-9546-ec76f2e07854, BUILD_ID: 4da41add-a1aa-4210-bd3e-914d995c2c1f
2021-04-08 13:35:15,330 INFO     test_ai_mod.carbon_explore.interactive -- Interactive explore -- status -- start
2021-04-08 13:35:15,330 INFO     test_ai_mod.carbon_explore.interactive -- Interactive explore -- status -- end
2021-04-08 13:35:30,328 INFO     test_ai_mod.carbon_explore.interactive -- Interactive explore -- status -- start
2021-04-08 13:35:30,329 INFO     test_ai_mod.carbon_explore.interactive -- Interactive explore -- status -- end
2021-04-08 13:35:45,330 INFO     test_ai_mod.carbon_explore.interactive -- Interactive explore -- status -- start
2021-04-08 13:35:45,330 INFO     test_ai_mod.carbon_explore.interactive -- Interactive explore -- status -- end
2021-04-08 13:36:00,330 INFO     test_ai_mod.carbon_explore.interactive -- Interactive explore -- status -- start
2021-04-08 13:36:00,331 INFO     test_ai_mod.carbon_explore.interactive -- Interactive explore -- status -- end
2021-04-08 13:36:15,331 INFO     test_ai_mod.carbon_explore.interactive -- Interactive explore -- status -- start
2021-04-08 13:36:15,331 INFO     test_ai_mod.carbon_explore.interactive -- Interactive explore -- status -- end
2021-04-08 13:36:31,137 INFO     test_ai_mod.carbon_explore.interactive -- Interactive explore -- status -- start
2021-04-08 13:36:31,137 INFO     test_ai_mod.carbon_explore.interactive -- Interactive explore -- status -- end
2021-04-08 13:36:45,984 INFO     test_ai_mod.carbon_explore.interactive -- Interactive explore -- status -- start
2021-04-08 13:36:45,984 INFO     test_ai_mod.carbon_explore.interactive -- Interactive explore -- status -- end
2021-04-08 13:37:06,530 INFO     test_ai_mod.carbon_explore.interactive -- Interactive explore -- status -- start
2021-04-08 13:37:06,531 INFO     test_ai_mod.carbon_explore.interactive -- Interactive explore -- status -- end
2021-04-08 13:37:19,022 INFO     test_ai_mod.carbon_explore.interactive -- Interactive explore -- status -- start
2021-04-08 13:37:19,022 INFO     test_ai_mod.carbon_explore.interactive -- Interactive explore -- status -- end
2021-04-08 13:37:31,526 INFO     test_ai_mod.carbon_explore.interactive -- Interactive explore -- status -- start
2021-04-08 13:37:31,527 INFO     test_ai_mod.carbon_explore.interactive -- Interactive explore -- status -- end
2021-04-08 13:37:46,308 INFO     test_ai_mod.carbon_explore.interactive -- Interactive explore -- status -- start
2021-04-08 13:37:46,308 INFO     test_ai_mod.carbon_explore.interactive -- Interactive explore -- status -- end
2021-04-08 13:38:00,986 INFO     test_ai_mod.carbon_explore.interactive -- Interactive explore -- status -- start
2021-04-08 13:38:00,986 INFO     test_ai_mod.carbon_explore.interactive -- Interactive explore -- status -- end
2021-04-08 13:38:18,727 INFO     test_ai_mod.carbon_explore.interactive -- Interactive explore -- status -- start
2021-04-08 13:38:18,727 INFO     test_ai_mod.carbon_explore.interactive -- Interactive explore -- status -- end
2021-04-08 13:38:31,524 INFO     test_ai_mod.carbon_explore.interactive -- Interactive explore -- status -- start
2021-04-08 13:38:31,524 INFO     test_ai_mod.carbon_explore.interactive -- Interactive explore -- status -- end
2021-04-08 13:38:46,922 INFO     test_ai_mod.carbon_explore.interactive -- Interactive explore -- status -- start
2021-04-08 13:38:46,923 INFO     test_ai_mod.carbon_explore.interactive -- Interactive explore -- status -- end
2021-04-08 13:39:06,432 INFO     test_ai_mod.carbon_explore.interactive -- Interactive explore -- status -- start
2021-04-08 13:39:06,433 INFO     test_ai_mod.carbon_explore.interactive -- Interactive explore -- status -- end
2021-04-08 13:39:18,933 INFO     test_ai_mod.carbon_explore.interactive -- Interactive explore -- status -- start
2021-04-08 13:39:18,933 INFO     test_ai_mod.carbon_explore.interactive -- Interactive explore -- status -- end
2021-04-08 13:39:31,434 INFO     test_ai_mod.carbon_explore.interactive -- Interactive explore -- status -- start
2021-04-08 13:39:31,434 INFO     test_ai_mod.carbon_explore.interactive -- Interactive explore -- status -- end
2021-04-08 13:39:49,898 INFO     test_ai_mod.carbon_explore.interactive -- Interactive explore -- status -- start
2021-04-08 13:39:49,898 INFO     test_ai_mod.carbon_explore.interactive -- Interactive explore -- status -- end
2021-04-08 13:40:05,504 INFO     test_ai_mod.carbon_explore.interactive -- Interactive explore -- status -- start
2021-04-08 13:40:05,505 INFO     test_ai_mod.carbon_explore.interactive -- Interactive explore -- status -- end
2021-04-08 13:40:16,029 INFO     test_ai_mod.carbon_explore.interactive -- Interactive explore -- status -- start
2021-04-08 13:40:16,029 INFO     test_ai_mod.carbon_explore.interactive -- Interactive explore -- status -- end
2021-04-08 13:40:31,462 INFO     test_ai_mod.carbon_explore.interactive -- Interactive explore -- status -- start
2021-04-08 13:40:31,462 INFO     test_ai_mod.carbon_explore.interactive -- Interactive explore -- status -- end
2021-04-08 13:40:45,991 INFO     test_ai_mod.carbon_explore.interactive -- Interactive explore -- status -- start
2021-04-08 13:40:45,991 INFO     test_ai_mod.carbon_explore.interactive -- Interactive explore -- status -- end
2021-04-08 13:41:00,992 INFO     test_ai_mod.carbon_explore.interactive -- Interactive explore -- status -- start
2021-04-08 13:41:00,992 INFO     test_ai_mod.carbon_explore.interactive -- Interactive explore -- status -- end
2021-04-08 13:41:15,992 INFO     test_ai_mod.carbon_explore.interactive -- Interactive explore -- status -- start
2021-04-08 13:41:15,993 INFO     test_ai_mod.carbon_explore.interactive -- Interactive explore -- status -- end
2021-04-08 13:41:31,056 INFO     test_ai_mod.carbon_explore.interactive -- Interactive explore -- status -- start
2021-04-08 13:41:31,057 INFO     test_ai_mod.carbon_explore.interactive -- Interactive explore -- status -- end
2021-04-08 13:41:45,996 INFO     test_ai_mod.carbon_explore.interactive -- Interactive explore -- status -- start
2021-04-08 13:41:45,996 INFO     test_ai_mod.carbon_explore.interactive -- Interactive explore -- status -- end
2021-04-08 13:42:00,993 INFO     test_ai_mod.carbon_explore.interactive -- Interactive explore -- status -- start
2021-04-08 13:42:00,994 INFO     test_ai_mod.carbon_explore.interactive -- Interactive explore -- status -- end
2021-04-08 13:42:15,996 INFO     test_ai_mod.carbon_explore.interactive -- Interactive explore -- status -- start
2021-04-08 13:42:15,997 INFO     test_ai_mod.carbon_explore.interactive -- Interactive explore -- status -- end
2021-04-08 13:42:30,073 INFO     test_ai_mod.carbon_explore.interactive -- Interactive explore -- status -- start
2021-04-08 13:42:30,073 INFO     test_ai_mod.carbon_explore.interactive -- Interactive explore -- status -- end
2021-04-08 13:42:30,091 INFO     test_ai_mod.carbon_explore.interactive -- Interactive explore -- status -- start
2021-04-08 13:42:30,091 INFO     test_ai_mod.carbon_explore.interactive -- Interactive explore -- status -- end
2021-04-08 13:42:30,096 INFO     root -- Stopping interactive crawl.
2021-04-08 13:42:30,121 INFO     test_ai_mod.carbon_explore.interactive -- Interactive explore -- stop -- start
2021-04-08 13:42:30,121 INFO     test_ai_mod.carbon_explore.interactive -- Interactive explore -- stop -- stop
2021-04-08 13:42:30,341 INFO     test_ai_mod.carbon_explore.explore_hook -- Explore hook -- apply_deferred_runtime_labels starting.
2021-04-08 13:42:30,343 INFO     test_ai_mod.carbon_explore.explore_hook -- Explore hook -- apply_deferred_runtime_labels completed.
2021-04-08 13:42:30,343 INFO     test_ai_mod.carbon_explore.interactive -- Interactive explore -- start_interactive_loop completed.
2021-04-08 13:42:30,343 INFO     test_ai_mod.carbon_explore.explore -- performing post-walk cleanup
2021-04-08 13:42:30,344 INFO     test_ai_mod.carbon_utils.simulator_tools -- performing post-test cleanup
2021-04-08 13:42:30,344 INFO     test_ai_mod.carbon_utils.simulator_tools -- calling driver.quit
2021-04-08 13:42:30,665 INFO     test_ai_mod.carbon_explore.explore -- iteration completed: 0
2021-04-08 13:42:30,665 INFO     test_ai_mod.carbon_tasks.crawl_build_task -- walk: 1 - succeeded
2021-04-08 13:42:30,666 INFO     test_ai_mod.carbon_tasks.crawl_build_task -- Handling crawl stop request.
2021-04-08 13:42:30,670 INFO     test_ai_mod.carbon_dao.local_carbon_dao -- Getting build info: APP_ID: 5de8e4f0-bf1c-4291-9546-ec76f2e07854, BUILD_ID: 4da41add-a1aa-4210-bd3e-914d995c2c1f
2021-04-08 13:42:30,672 INFO     test_ai_mod.carbon_dao.local_carbon_dao -- Getting build info: APP_ID: 5de8e4f0-bf1c-4291-9546-ec76f2e07854, BUILD_ID: 4da41add-a1aa-4210-bd3e-914d995c2c1f
2021-04-08 13:42:30,673 INFO     test_ai_mod.carbon_dao.local_carbon_dao -- Getting build info: APP_ID: 5de8e4f0-bf1c-4291-9546-ec76f2e07854, BUILD_ID: 4da41add-a1aa-4210-bd3e-914d995c2c1f
2021-04-08 13:42:30,674 INFO     test_ai_mod.carbon_dao.local_carbon_dao -- Getting build info: APP_ID: 5de8e4f0-bf1c-4291-9546-ec76f2e07854, BUILD_ID: 4da41add-a1aa-4210-bd3e-914d995c2c1f
2021-04-08 13:42:30,675 INFO     test_ai_mod.carbon_dao.local_carbon_dao -- Getting build info: APP_ID: 5de8e4f0-bf1c-4291-9546-ec76f2e07854, BUILD_ID: 4da41add-a1aa-4210-bd3e-914d995c2c1f
2021-04-08 13:42:30,676 INFO     test_ai_mod.carbon_tasks.process_crawl_task -- processing crawl: 20210408132838 (app: 5de8e4f0-bf1c-4291-9546-ec76f2e07854, build: 4da41add-a1aa-4210-bd3e-914d995c2c1f)
2021-04-08 13:42:30,676 INFO     test_ai_mod.carbon_tasks.process_crawl_task -- processing screens for crawl
2021-04-08 13:42:30,748 INFO     test_ai_mod.carbon_tasks.process_crawl_task -- writing unique screens file
2021-04-08 13:42:30,749 INFO     test_ai_mod.carbon_tasks.process_crawl_task -- writing screen hash map
2021-04-08 13:42:30,756 INFO     test_ai_mod.carbon_tasks.process_crawl_task -- writing screen similarity file
2021-04-08 13:42:30,757 INFO     test_ai_mod.carbon_tasks.process_crawl_task -- processing elements for crawl
2021-04-08 13:42:30,764 INFO     test_ai_mod.carbon_tasks.process_crawl_task -- skipping already processed: iter_00000_step_00000_info.json
2021-04-08 13:42:30,907 INFO     test_ai_mod.carbon_tasks.process_crawl_task -- Writing unique tags file.
2021-04-08 13:42:30,907 INFO     test_ai_mod.carbon_tasks.process_crawl_task -- writing unique elems file
2021-04-08 13:42:30,910 INFO     test_ai_mod.carbon_tasks.process_crawl_task -- writing elem hash map
2021-04-08 13:42:30,921 INFO     test_ai_mod.carbon_tasks.process_crawl_task -- writing elem similarity file
2021-04-08 13:42:30,923 INFO     test_ai_mod.carbon_tasks.process_crawl_task -- generating and saving feature data for crawl
2021-04-08 13:42:30,923 INFO     test_ai_mod.carbon_tasks.generate_feature_data_task -- generating feature data for crawl: 20210408132838, app_id: 5de8e4f0-bf1c-4291-9546-ec76f2e07854, build_id: 4da41add-a1aa-4210-bd3e-914d995c2c1f
2021-04-08 13:42:30,924 INFO     test_ai_mod.carbon_tasks.generate_feature_data_task -- generating screen feature data
2021-04-08 13:42:31,111 INFO     test_ai_mod.carbon_tasks.generate_feature_data_task -- saving screen feature data
2021-04-08 13:42:31,113 INFO     test_ai_mod.carbon_tasks.process_crawl_task -- generating labeler objects file for crawl (v0)
2021-04-08 13:42:31,139 INFO     test_ai_mod.carbon_tasks.process_crawl_task -- reconciling screens labeled at runtime
2021-04-08 13:42:31,140 INFO     test_ai_mod.carbon_tasks.process_crawl_task -- reconciling elements labeled at runtime
2021-04-08 13:42:31,160 INFO     test_ai_mod.carbon_tasks.generate_auto_labels_task -- generating auto labels for crawl: 20210408132838, app_id: 5de8e4f0-bf1c-4291-9546-ec76f2e07854, build_id: 4da41add-a1aa-4210-bd3e-914d995c2c1f
2021-04-08 13:42:31,170 INFO     test_ai_mod.carbon_dao.local_carbon_dao -- Getting build info: APP_ID: 5de8e4f0-bf1c-4291-9546-ec76f2e07854, BUILD_ID: 4da41add-a1aa-4210-bd3e-914d995c2c1f
2021-04-08 13:42:31,205 INFO     test_ai_mod.carbon_dao.local_carbon_dao -- Getting build info: APP_ID: 5de8e4f0-bf1c-4291-9546-ec76f2e07854, BUILD_ID: 4da41add-a1aa-4210-bd3e-914d995c2c1f
2021-04-08 13:42:31,210 INFO     test_ai_mod.carbon_dao.local_carbon_dao -- Getting build info: APP_ID: 5de8e4f0-bf1c-4291-9546-ec76f2e07854, BUILD_ID: 4da41add-a1aa-4210-bd3e-914d995c2c1f
2021-04-08 13:42:31,212 INFO     test_ai_mod.carbon_dao.local_carbon_dao -- Getting build info: APP_ID: 5de8e4f0-bf1c-4291-9546-ec76f2e07854, BUILD_ID: 4da41add-a1aa-4210-bd3e-914d995c2c1f
2021-04-08 13:42:31,214 INFO     test_ai_mod.carbon_dao.local_carbon_dao -- Getting build info: APP_ID: 5de8e4f0-bf1c-4291-9546-ec76f2e07854, BUILD_ID: 4da41add-a1aa-4210-bd3e-914d995c2c1f
2021-04-08 13:42:31,404 INFO     test_ai_mod.carbon_tasks.generate_auto_labels_task -- writing merged, suggested labels to file: /Users/bot/test_ai/apps/5de8e4f0-bf1c-4291-9546-ec76f2e07854/builds/4da41add-a1aa-4210-bd3e-914d995c2c1f/crawls/20210407191653/labels/suggested_labels.json
2021-04-08 13:42:31,406 INFO     test_ai_mod.carbon_tasks.generate_auto_labels_task -- writing merged, suggested labels to file: /Users/bot/test_ai/apps/5de8e4f0-bf1c-4291-9546-ec76f2e07854/builds/4da41add-a1aa-4210-bd3e-914d995c2c1f/crawls/20210407194432/labels/suggested_labels.json
2021-04-08 13:42:31,423 INFO     test_ai_mod.carbon_tasks.generate_auto_labels_task -- writing merged, suggested labels to file: /Users/bot/test_ai/apps/5de8e4f0-bf1c-4291-9546-ec76f2e07854/builds/4da41add-a1aa-4210-bd3e-914d995c2c1f/crawls/20210408132838/labels/suggested_labels.json
2021-04-08 13:42:31,423 INFO     test_ai_mod.carbon_tasks.generate_auto_labels_task -- writing merged, suggested labels to file: /Users/bot/test_ai/apps/5de8e4f0-bf1c-4291-9546-ec76f2e07854/builds/4da41add-a1aa-4210-bd3e-914d995c2c1f/crawls/20210407200152/labels/suggested_labels.json
2021-04-08 13:42:31,433 INFO     test_ai_mod.carbon_tasks.generate_auto_labels_task -- writing applied hashes to labels to file: /Users/bot/test_ai/apps/5de8e4f0-bf1c-4291-9546-ec76f2e07854/lkg/hashes_to_labels.json
2021-04-08 13:42:31,435 INFO     test_ai_mod.carbon_tasks.generate_auto_labels_task -- writing applied human readable to labels to file: /Users/bot/test_ai/apps/5de8e4f0-bf1c-4291-9546-ec76f2e07854/lkg/human_readable_to_labels.json
2021-04-08 13:42:31,437 INFO     test_ai_mod.carbon_tasks.generate_auto_labels_task -- writing label to hash dicts to file: /Users/bot/test_ai/apps/5de8e4f0-bf1c-4291-9546-ec76f2e07854/lkg/label_to_hash_dicts.json
2021-04-08 13:42:31,438 INFO     test_ai_mod.carbon_tasks.generate_auto_labels_task -- writing human readable to paths to file: /Users/bot/test_ai/apps/5de8e4f0-bf1c-4291-9546-ec76f2e07854/lkg/human_readable_to_paths.json
2021-04-08 13:42:31,441 INFO     test_ai_mod.carbon_classifiers.label_classifier_pipe -- Begin loading configured modules
2021-04-08 13:42:31,442 INFO     test_ai_mod.carbon_classifiers.carbon_classifier_v1.screen_classifier -- Loading ScreenClassifier
2021-04-08 13:42:31,443 INFO     test_ai_mod.carbon_classifiers.template_matching.app_specific_template_matcher -- Loading AppSpecificTemplateMatcher
2021-04-08 13:42:31,443 INFO     test_ai_mod.carbon_classifiers.perceptual.nn_classifier -- Loading NNClassifier
2021-04-08 13:42:31,443 INFO     test_ai_mod.carbon_classifiers.template_matching.template_matching_classifier -- Loading TemplateMatchingClassifier
2021-04-08 13:42:31,444 WARNING  test_ai_mod.carbon_classifiers.template_matching.template_matching_classifier -- No template director exists at /Users/bot/test_ai/templates
2021-04-08 13:42:31,444 INFO     test_ai_mod.carbon_classifiers.http_classifier.http_classifier -- Loaded Http Classifier for ""
2021-04-08 13:42:31,445 INFO     test_ai_mod.carbon_tasks.generate_auto_labels_task -- classifying 1 unique screens
2021-04-08 13:42:31,445 INFO     test_ai_mod.carbon_utils.carbon_data -- loading models from LKG dir
2021-04-08 13:42:31,446 INFO     test_ai_mod.carbon_utils.carbon_data -- loading models from LKG dir
2021-04-08 13:42:31,450 INFO     test_ai_mod.carbon_classifiers.label_classifier_pipe -- Begin labeling elements
2021-04-08 13:42:31,477 INFO     test_ai_mod.carbon_classifiers.template_matching.app_specific_template_matcher -- Classifying screen with AppSpecificTemplateMatcher
2021-04-08 13:42:31,478 INFO     test_ai_mod.carbon_classifiers.perceptual.nn_classifier -- Classifying screen with NNClassifier
2021-04-08 13:42:31,532 INFO     test_ai_mod.carbon_classifiers.label_classifier_pipe -- End labeling elements: Time taken 0.081799030304 seconds
2021-04-08 13:42:31,533 INFO     test_ai_mod.carbon_tasks.generate_auto_labels_task -- classifying 47 unique elems
2021-04-08 13:42:31,542 INFO     test_ai_mod.carbon_utils.carbon_data -- loading models from LKG dir
2021-04-08 13:42:31,543 INFO     test_ai_mod.carbon_utils.carbon_data -- loading models from LKG dir
2021-04-08 13:42:31,547 INFO     test_ai_mod.carbon_classifiers.label_classifier_pipe -- Begin labeling elements
2021-04-08 13:42:31,571 INFO     test_ai_mod.carbon_classifiers.template_matching.app_specific_template_matcher -- Classifying screen with AppSpecificTemplateMatcher
2021-04-08 13:42:31,571 INFO     test_ai_mod.carbon_classifiers.perceptual.nn_classifier -- Classifying screen with NNClassifier
2021-04-08 13:42:31,688 INFO     test_ai_mod.carbon_classifiers.perceptual.nn_classifier -- elem classified: mnu_logout, score: 1.0
2021-04-08 13:42:31,689 INFO     test_ai_mod.carbon_classifiers.perceptual.nn_classifier -- elem classified: mnu_input_param, score: 1.0
2021-04-08 13:42:31,695 INFO     test_ai_mod.carbon_classifiers.perceptual.nn_classifier -- elem classified: mnu_verify, score: 1.0
2021-04-08 13:42:31,695 INFO     test_ai_mod.carbon_classifiers.perceptual.nn_classifier -- elem classified: btn_template_matched, score: 1.0
2021-04-08 13:42:31,696 INFO     test_ai_mod.carbon_classifiers.perceptual.nn_classifier -- elem classified: mnu_find_element, score: 1.0
2021-04-08 13:42:31,697 INFO     test_ai_mod.carbon_classifiers.perceptual.nn_classifier -- elem classified: mnu_wait, score: 1.0
2021-04-08 13:42:31,702 INFO     test_ai_mod.carbon_classifiers.perceptual.nn_classifier -- elem classified: mnu_home, score: 1.0
2021-04-08 13:42:31,705 INFO     test_ai_mod.carbon_classifiers.perceptual.nn_classifier -- elem classified: mnu_profile, score: 1.0
2021-04-08 13:42:31,706 INFO     test_ai_mod.carbon_classifiers.perceptual.nn_classifier -- elem classified: mnu_basic_gestures, score: 1.0
2021-04-08 13:42:31,709 INFO     test_ai_mod.carbon_classifiers.perceptual.nn_classifier -- elem classified: btn_wait_for_label, score: 1.0
2021-04-08 13:42:31,709 INFO     test_ai_mod.carbon_classifiers.perceptual.nn_classifier -- elem classified: mnu_tap_param, score: 1.0
2021-04-08 13:42:31,710 INFO     test_ai_mod.carbon_classifiers.perceptual.nn_classifier -- elem classified: btn_open_slow_modal, score: 1.0
2021-04-08 13:42:31,726 INFO     test_ai_mod.carbon_classifiers.label_classifier_pipe -- End labeling elements: Time taken 0.177655935287 seconds
2021-04-08 13:42:31,729 INFO     test_ai_mod.carbon_tasks.generate_auto_labels_task -- writing merged, suggested labels to file: /Users/bot/test_ai/apps/5de8e4f0-bf1c-4291-9546-ec76f2e07854/builds/4da41add-a1aa-4210-bd3e-914d995c2c1f/crawls/20210408132838/labels/suggested_labels.json
2021-04-08 13:42:31,733 INFO     test_ai_mod.carbon_controllers.crawls -- Removing threaded log file handler for crawl.
